C:\USERS\BERTOSO\DESKTOP\CS_2.7\CAMSTUDIO2.7\CXIMAGE\JASPER\DEBUG\BMP_COD.OBJ
C:\USERS\BERTOSO\DESKTOP\CS_2.7\CAMSTUDIO2.7\CXIMAGE\JASPER\DEBUG\BMP_DEC.OBJ
C:\USERS\BERTOSO\DESKTOP\CS_2.7\CAMSTUDIO2.7\CXIMAGE\JASPER\DEBUG\BMP_ENC.OBJ
C:\USERS\BERTOSO\DESKTOP\CS_2.7\CAMSTUDIO2.7\CXIMAGE\JASPER\DEBUG\JAS_CM.OBJ
C:\USERS\BERTOSO\DESKTOP\CS_2.7\CAMSTUDIO2.7\CXIMAGE\JASPER\DEBUG\JAS_DEBUG.OBJ
C:\USERS\BERTOSO\DESKTOP\CS_2.7\CAMSTUDIO2.7\CXIMAGE\JASPER\DEBUG\JAS_GETOPT.OBJ
C:\USERS\BERTOSO\DESKTOP\CS_2.7\CAMSTUDIO2.7\CXIMAGE\JASPER\DEBUG\JAS_ICC.OBJ
C:\USERS\BERTOSO\DESKTOP\CS_2.7\CAMSTUDIO2.7\CXIMAGE\JASPER\DEBUG\JAS_ICCDATA.OBJ
C:\USERS\BERTOSO\DESKTOP\CS_2.7\CAMSTUDIO2.7\CXIMAGE\JASPER\DEBUG\JAS_IMAGE.OBJ
C:\USERS\BERTOSO\DESKTOP\CS_2.7\CAMSTUDIO2.7\CXIMAGE\JASPER\DEBUG\JAS_INIT.OBJ
C:\USERS\BERTOSO\DESKTOP\CS_2.7\CAMSTUDIO2.7\CXIMAGE\JASPER\DEBUG\JAS_MALLOC.OBJ
C:\USERS\BERTOSO\DESKTOP\CS_2.7\CAMSTUDIO2.7\CXIMAGE\JASPER\DEBUG\JAS_SEQ.OBJ
C:\USERS\BERTOSO\DESKTOP\CS_2.7\CAMSTUDIO2.7\CXIMAGE\JASPER\DEBUG\JAS_STREAM.OBJ
C:\USERS\BERTOSO\DESKTOP\CS_2.7\CAMSTUDIO2.7\CXIMAGE\JASPER\DEBUG\JAS_STRING.OBJ
C:\USERS\BERTOSO\DESKTOP\CS_2.7\CAMSTUDIO2.7\CXIMAGE\JASPER\DEBUG\JAS_TVP.OBJ
C:\USERS\BERTOSO\DESKTOP\CS_2.7\CAMSTUDIO2.7\CXIMAGE\JASPER\DEBUG\JAS_VERSION.OBJ
C:\USERS\BERTOSO\DESKTOP\CS_2.7\CAMSTUDIO2.7\CXIMAGE\JASPER\DEBUG\JASPER.LIB
C:\USERS\BERTOSO\DESKTOP\CS_2.7\CAMSTUDIO2.7\CXIMAGE\JASPER\DEBUG\JP2_COD.OBJ
C:\USERS\BERTOSO\DESKTOP\CS_2.7\CAMSTUDIO2.7\CXIMAGE\JASPER\DEBUG\JP2_DEC.OBJ
C:\USERS\BERTOSO\DESKTOP\CS_2.7\CAMSTUDIO2.7\CXIMAGE\JASPER\DEBUG\JP2_ENC.OBJ
C:\USERS\BERTOSO\DESKTOP\CS_2.7\CAMSTUDIO2.7\CXIMAGE\JASPER\DEBUG\JPC_BS.OBJ
C:\USERS\BERTOSO\DESKTOP\CS_2.7\CAMSTUDIO2.7\CXIMAGE\JASPER\DEBUG\JPC_CS.OBJ
C:\USERS\BERTOSO\DESKTOP\CS_2.7\CAMSTUDIO2.7\CXIMAGE\JASPER\DEBUG\JPC_DEC.OBJ
C:\USERS\BERTOSO\DESKTOP\CS_2.7\CAMSTUDIO2.7\CXIMAGE\JASPER\DEBUG\JPC_ENC.OBJ
C:\USERS\BERTOSO\DESKTOP\CS_2.7\CAMSTUDIO2.7\CXIMAGE\JASPER\DEBUG\JPC_MATH.OBJ
C:\USERS\BERTOSO\DESKTOP\CS_2.7\CAMSTUDIO2.7\CXIMAGE\JASPER\DEBUG\JPC_MCT.OBJ
C:\USERS\BERTOSO\DESKTOP\CS_2.7\CAMSTUDIO2.7\CXIMAGE\JASPER\DEBUG\JPC_MQCOD.OBJ
C:\USERS\BERTOSO\DESKTOP\CS_2.7\CAMSTUDIO2.7\CXIMAGE\JASPER\DEBUG\JPC_MQDEC.OBJ
C:\USERS\BERTOSO\DESKTOP\CS_2.7\CAMSTUDIO2.7\CXIMAGE\JASPER\DEBUG\JPC_MQENC.OBJ
C:\USERS\BERTOSO\DESKTOP\CS_2.7\CAMSTUDIO2.7\CXIMAGE\JASPER\DEBUG\JPC_QMFB.OBJ
C:\USERS\BERTOSO\DESKTOP\CS_2.7\CAMSTUDIO2.7\CXIMAGE\JASPER\DEBUG\JPC_T1COD.OBJ
C:\USERS\BERTOSO\DESKTOP\CS_2.7\CAMSTUDIO2.7\CXIMAGE\JASPER\DEBUG\JPC_T1DEC.OBJ
C:\USERS\BERTOSO\DESKTOP\CS_2.7\CAMSTUDIO2.7\CXIMAGE\JASPER\DEBUG\JPC_T1ENC.OBJ
C:\USERS\BERTOSO\DESKTOP\CS_2.7\CAMSTUDIO2.7\CXIMAGE\JASPER\DEBUG\JPC_T2COD.OBJ
C:\USERS\BERTOSO\DESKTOP\CS_2.7\CAMSTUDIO2.7\CXIMAGE\JASPER\DEBUG\JPC_T2DEC.OBJ
C:\USERS\BERTOSO\DESKTOP\CS_2.7\CAMSTUDIO2.7\CXIMAGE\JASPER\DEBUG\JPC_T2ENC.OBJ
C:\USERS\BERTOSO\DESKTOP\CS_2.7\CAMSTUDIO2.7\CXIMAGE\JASPER\DEBUG\JPC_TAGTREE.OBJ
C:\USERS\BERTOSO\DESKTOP\CS_2.7\CAMSTUDIO2.7\CXIMAGE\JASPER\DEBUG\JPC_TSFB.OBJ
C:\USERS\BERTOSO\DESKTOP\CS_2.7\CAMSTUDIO2.7\CXIMAGE\JASPER\DEBUG\JPC_UTIL.OBJ
C:\USERS\BERTOSO\DESKTOP\CS_2.7\CAMSTUDIO2.7\CXIMAGE\JASPER\DEBUG\JPG_DUMMY.OBJ
C:\USERS\BERTOSO\DESKTOP\CS_2.7\CAMSTUDIO2.7\CXIMAGE\JASPER\DEBUG\JPG_VAL.OBJ
C:\USERS\BERTOSO\DESKTOP\CS_2.7\CAMSTUDIO2.7\CXIMAGE\JASPER\DEBUG\MIF_COD.OBJ
C:\USERS\BERTOSO\DESKTOP\CS_2.7\CAMSTUDIO2.7\CXIMAGE\JASPER\DEBUG\PGX_COD.OBJ
C:\USERS\BERTOSO\DESKTOP\CS_2.7\CAMSTUDIO2.7\CXIMAGE\JASPER\DEBUG\PGX_DEC.OBJ
C:\USERS\BERTOSO\DESKTOP\CS_2.7\CAMSTUDIO2.7\CXIMAGE\JASPER\DEBUG\PGX_ENC.OBJ
C:\USERS\BERTOSO\DESKTOP\CS_2.7\CAMSTUDIO2.7\CXIMAGE\JASPER\DEBUG\PNM_COD.OBJ
C:\USERS\BERTOSO\DESKTOP\CS_2.7\CAMSTUDIO2.7\CXIMAGE\JASPER\DEBUG\PNM_DEC.OBJ
C:\USERS\BERTOSO\DESKTOP\CS_2.7\CAMSTUDIO2.7\CXIMAGE\JASPER\DEBUG\PNM_ENC.OBJ
C:\USERS\BERTOSO\DESKTOP\CS_2.7\CAMSTUDIO2.7\CXIMAGE\JASPER\DEBUG\RAS_COD.OBJ
C:\USERS\BERTOSO\DESKTOP\CS_2.7\CAMSTUDIO2.7\CXIMAGE\JASPER\DEBUG\RAS_DEC.OBJ
C:\USERS\BERTOSO\DESKTOP\CS_2.7\CAMSTUDIO2.7\CXIMAGE\JASPER\DEBUG\RAS_ENC.OBJ
C:\USERS\BERTOSO\DESKTOP\CS_2.7\CAMSTUDIO2.7\CXIMAGE\JASPER\DEBUG\VC100.PDB
C:\Users\BERTOSO\Desktop\CS_2.7_Dev\CamStudio2.7 - Dev\CxImage\jasper\.\Debug\jasper.lib
C:\USERS\BERTOSO\DESKTOP\CS_2.7_DEV\CAMSTUDIO2.7 - DEV\CXIMAGE\JASPER\DEBUG\BMP_COD.OBJ
C:\USERS\BERTOSO\DESKTOP\CS_2.7_DEV\CAMSTUDIO2.7 - DEV\CXIMAGE\JASPER\DEBUG\BMP_DEC.OBJ
C:\USERS\BERTOSO\DESKTOP\CS_2.7_DEV\CAMSTUDIO2.7 - DEV\CXIMAGE\JASPER\DEBUG\BMP_ENC.OBJ
C:\Users\BERTOSO\Desktop\CS_2.7_Dev\CamStudio2.7 - Dev\CxImage\jasper\Debug\cl.command.1.tlog
C:\Users\BERTOSO\Desktop\CS_2.7_Dev\CamStudio2.7 - Dev\CxImage\jasper\Debug\CL.read.1.tlog
C:\Users\BERTOSO\Desktop\CS_2.7_Dev\CamStudio2.7 - Dev\CxImage\jasper\Debug\CL.write.1.tlog
C:\USERS\BERTOSO\DESKTOP\CS_2.7_DEV\CAMSTUDIO2.7 - DEV\CXIMAGE\JASPER\DEBUG\JAS_CM.OBJ
C:\USERS\BERTOSO\DESKTOP\CS_2.7_DEV\CAMSTUDIO2.7 - DEV\CXIMAGE\JASPER\DEBUG\JAS_DEBUG.OBJ
C:\USERS\BERTOSO\DESKTOP\CS_2.7_DEV\CAMSTUDIO2.7 - DEV\CXIMAGE\JASPER\DEBUG\JAS_GETOPT.OBJ
C:\USERS\BERTOSO\DESKTOP\CS_2.7_DEV\CAMSTUDIO2.7 - DEV\CXIMAGE\JASPER\DEBUG\JAS_ICC.OBJ
C:\USERS\BERTOSO\DESKTOP\CS_2.7_DEV\CAMSTUDIO2.7 - DEV\CXIMAGE\JASPER\DEBUG\JAS_ICCDATA.OBJ
C:\USERS\BERTOSO\DESKTOP\CS_2.7_DEV\CAMSTUDIO2.7 - DEV\CXIMAGE\JASPER\DEBUG\JAS_IMAGE.OBJ
C:\USERS\BERTOSO\DESKTOP\CS_2.7_DEV\CAMSTUDIO2.7 - DEV\CXIMAGE\JASPER\DEBUG\JAS_INIT.OBJ
C:\USERS\BERTOSO\DESKTOP\CS_2.7_DEV\CAMSTUDIO2.7 - DEV\CXIMAGE\JASPER\DEBUG\JAS_MALLOC.OBJ
C:\USERS\BERTOSO\DESKTOP\CS_2.7_DEV\CAMSTUDIO2.7 - DEV\CXIMAGE\JASPER\DEBUG\JAS_SEQ.OBJ
C:\USERS\BERTOSO\DESKTOP\CS_2.7_DEV\CAMSTUDIO2.7 - DEV\CXIMAGE\JASPER\DEBUG\JAS_STREAM.OBJ
C:\USERS\BERTOSO\DESKTOP\CS_2.7_DEV\CAMSTUDIO2.7 - DEV\CXIMAGE\JASPER\DEBUG\JAS_STRING.OBJ
C:\USERS\BERTOSO\DESKTOP\CS_2.7_DEV\CAMSTUDIO2.7 - DEV\CXIMAGE\JASPER\DEBUG\JAS_TVP.OBJ
C:\USERS\BERTOSO\DESKTOP\CS_2.7_DEV\CAMSTUDIO2.7 - DEV\CXIMAGE\JASPER\DEBUG\JAS_VERSION.OBJ
C:\USERS\BERTOSO\DESKTOP\CS_2.7_DEV\CAMSTUDIO2.7 - DEV\CXIMAGE\JASPER\DEBUG\JASPER.LIB
C:\Users\BERTOSO\Desktop\CS_2.7_Dev\CamStudio2.7 - Dev\CxImage\jasper\Debug\jasper.write.1.tlog
C:\USERS\BERTOSO\DESKTOP\CS_2.7_DEV\CAMSTUDIO2.7 - DEV\CXIMAGE\JASPER\DEBUG\JP2_COD.OBJ
C:\USERS\BERTOSO\DESKTOP\CS_2.7_DEV\CAMSTUDIO2.7 - DEV\CXIMAGE\JASPER\DEBUG\JP2_DEC.OBJ
C:\USERS\BERTOSO\DESKTOP\CS_2.7_DEV\CAMSTUDIO2.7 - DEV\CXIMAGE\JASPER\DEBUG\JP2_ENC.OBJ
C:\USERS\BERTOSO\DESKTOP\CS_2.7_DEV\CAMSTUDIO2.7 - DEV\CXIMAGE\JASPER\DEBUG\JPC_BS.OBJ
C:\USERS\BERTOSO\DESKTOP\CS_2.7_DEV\CAMSTUDIO2.7 - DEV\CXIMAGE\JASPER\DEBUG\JPC_CS.OBJ
C:\USERS\BERTOSO\DESKTOP\CS_2.7_DEV\CAMSTUDIO2.7 - DEV\CXIMAGE\JASPER\DEBUG\JPC_DEC.OBJ
C:\USERS\BERTOSO\DESKTOP\CS_2.7_DEV\CAMSTUDIO2.7 - DEV\CXIMAGE\JASPER\DEBUG\JPC_ENC.OBJ
C:\USERS\BERTOSO\DESKTOP\CS_2.7_DEV\CAMSTUDIO2.7 - DEV\CXIMAGE\JASPER\DEBUG\JPC_MATH.OBJ
C:\USERS\BERTOSO\DESKTOP\CS_2.7_DEV\CAMSTUDIO2.7 - DEV\CXIMAGE\JASPER\DEBUG\JPC_MCT.OBJ
C:\USERS\BERTOSO\DESKTOP\CS_2.7_DEV\CAMSTUDIO2.7 - DEV\CXIMAGE\JASPER\DEBUG\JPC_MQCOD.OBJ
C:\USERS\BERTOSO\DESKTOP\CS_2.7_DEV\CAMSTUDIO2.7 - DEV\CXIMAGE\JASPER\DEBUG\JPC_MQDEC.OBJ
C:\USERS\BERTOSO\DESKTOP\CS_2.7_DEV\CAMSTUDIO2.7 - DEV\CXIMAGE\JASPER\DEBUG\JPC_MQENC.OBJ
C:\USERS\BERTOSO\DESKTOP\CS_2.7_DEV\CAMSTUDIO2.7 - DEV\CXIMAGE\JASPER\DEBUG\JPC_QMFB.OBJ
C:\USERS\BERTOSO\DESKTOP\CS_2.7_DEV\CAMSTUDIO2.7 - DEV\CXIMAGE\JASPER\DEBUG\JPC_T1COD.OBJ
C:\USERS\BERTOSO\DESKTOP\CS_2.7_DEV\CAMSTUDIO2.7 - DEV\CXIMAGE\JASPER\DEBUG\JPC_T1DEC.OBJ
C:\USERS\BERTOSO\DESKTOP\CS_2.7_DEV\CAMSTUDIO2.7 - DEV\CXIMAGE\JASPER\DEBUG\JPC_T1ENC.OBJ
C:\USERS\BERTOSO\DESKTOP\CS_2.7_DEV\CAMSTUDIO2.7 - DEV\CXIMAGE\JASPER\DEBUG\JPC_T2COD.OBJ
C:\USERS\BERTOSO\DESKTOP\CS_2.7_DEV\CAMSTUDIO2.7 - DEV\CXIMAGE\JASPER\DEBUG\JPC_T2DEC.OBJ
C:\USERS\BERTOSO\DESKTOP\CS_2.7_DEV\CAMSTUDIO2.7 - DEV\CXIMAGE\JASPER\DEBUG\JPC_T2ENC.OBJ
C:\USERS\BERTOSO\DESKTOP\CS_2.7_DEV\CAMSTUDIO2.7 - DEV\CXIMAGE\JASPER\DEBUG\JPC_TAGTREE.OBJ
C:\USERS\BERTOSO\DESKTOP\CS_2.7_DEV\CAMSTUDIO2.7 - DEV\CXIMAGE\JASPER\DEBUG\JPC_TSFB.OBJ
C:\USERS\BERTOSO\DESKTOP\CS_2.7_DEV\CAMSTUDIO2.7 - DEV\CXIMAGE\JASPER\DEBUG\JPC_UTIL.OBJ
C:\USERS\BERTOSO\DESKTOP\CS_2.7_DEV\CAMSTUDIO2.7 - DEV\CXIMAGE\JASPER\DEBUG\JPG_DUMMY.OBJ
C:\USERS\BERTOSO\DESKTOP\CS_2.7_DEV\CAMSTUDIO2.7 - DEV\CXIMAGE\JASPER\DEBUG\JPG_VAL.OBJ
C:\Users\BERTOSO\Desktop\CS_2.7_Dev\CamStudio2.7 - Dev\CxImage\jasper\Debug\lib.command.1.tlog
C:\Users\BERTOSO\Desktop\CS_2.7_Dev\CamStudio2.7 - Dev\CxImage\jasper\Debug\Lib-link.read.1.tlog
C:\Users\BERTOSO\Desktop\CS_2.7_Dev\CamStudio2.7 - Dev\CxImage\jasper\Debug\Lib-link.write.1.tlog
C:\USERS\BERTOSO\DESKTOP\CS_2.7_DEV\CAMSTUDIO2.7 - DEV\CXIMAGE\JASPER\DEBUG\MIF_COD.OBJ
C:\USERS\BERTOSO\DESKTOP\CS_2.7_DEV\CAMSTUDIO2.7 - DEV\CXIMAGE\JASPER\DEBUG\PGX_COD.OBJ
C:\USERS\BERTOSO\DESKTOP\CS_2.7_DEV\CAMSTUDIO2.7 - DEV\CXIMAGE\JASPER\DEBUG\PGX_DEC.OBJ
C:\USERS\BERTOSO\DESKTOP\CS_2.7_DEV\CAMSTUDIO2.7 - DEV\CXIMAGE\JASPER\DEBUG\PGX_ENC.OBJ
C:\USERS\BERTOSO\DESKTOP\CS_2.7_DEV\CAMSTUDIO2.7 - DEV\CXIMAGE\JASPER\DEBUG\PNM_COD.OBJ
C:\USERS\BERTOSO\DESKTOP\CS_2.7_DEV\CAMSTUDIO2.7 - DEV\CXIMAGE\JASPER\DEBUG\PNM_DEC.OBJ
C:\USERS\BERTOSO\DESKTOP\CS_2.7_DEV\CAMSTUDIO2.7 - DEV\CXIMAGE\JASPER\DEBUG\PNM_ENC.OBJ
C:\USERS\BERTOSO\DESKTOP\CS_2.7_DEV\CAMSTUDIO2.7 - DEV\CXIMAGE\JASPER\DEBUG\RAS_COD.OBJ
C:\USERS\BERTOSO\DESKTOP\CS_2.7_DEV\CAMSTUDIO2.7 - DEV\CXIMAGE\JASPER\DEBUG\RAS_DEC.OBJ
C:\USERS\BERTOSO\DESKTOP\CS_2.7_DEV\CAMSTUDIO2.7 - DEV\CXIMAGE\JASPER\DEBUG\RAS_ENC.OBJ
C:\Users\BERTOSO\Desktop\CS_2.7_Dev\CamStudio2.7 - Dev\CxImage\jasper\Debug\vc100.idb
C:\USERS\BERTOSO\DESKTOP\CS_2.7_DEV\CAMSTUDIO2.7 - DEV\CXIMAGE\JASPER\DEBUG\VC100.PDB
