Build started 1/16/2013 3:04:29 AM.
     1>Project "C:\Users\Bertoso\Desktop\camstudio-clone-master\camstudio\CamStudio\hook\hook.vcxproj" on node 2 (build target(s)).
     1>InitializeBuildStatus:
         Creating "Release\CamHook.unsuccessfulbuild" because "AlwaysCreate" was specified.
       ClCompile:
         C:\Program Files (x86)\Microsoft Visual Studio 10.0\VC\bin\CL.exe /c /Zi /nologo /W4 /WX- /O2 /Ob1 /Oy- /D WIN32 /D NDEBUG /D _WINDOWS /D _CRT_SECURE_NO_WARNINGS /D _VC80_UPGRADE=0x0710 /D _WINDLL /GF /Gm- /EHsc /MT /GS /Gy /fp:precise /Zc:wchar_t- /Zc:forScope- /GR /Fo".\Release/" /Fd".\Release/vc100.pdb" /Gd /TP /analyze- /errorReport:prompt ClickQueue.cpp StdAfx.cpp
         ClickQueue.cpp
         StdAfx.cpp
         Generating Code...
         C:\Program Files (x86)\Microsoft Visual Studio 10.0\VC\bin\CL.exe /c /Zi /nologo /W4 /WX- /O2 /Ob1 /Oy- /D WIN32 /D NDEBUG /D _WINDOWS /GF /Gm- /EHsc /MT /GS /Gy /fp:precise /Zc:wchar_t- /Zc:forScope- /GR /Fo".\Release/" /Fd".\Release/vc100.pdb" /Gd /TP /analyze- /errorReport:prompt hook.cpp
         hook.cpp
     1>hook.cpp(142): warning C4100: 'message_to_call' : unreferenced formal parameter
     1>hook.cpp(142): warning C4100: 'hWnd' : unreferenced formal parameter
     1>hook.cpp(153): warning C4100: 'hWnd' : unreferenced formal parameter
       ResourceCompile:
         C:\Program Files (x86)\Microsoft SDKs\Windows\v7.0A\bin\rc.exe /D NDEBUG /D _VC80_UPGRADE=0x0710 /l"0x0409" /nologo /fo"Release\hook.res" hook.rc 
       Link:
         C:\Program Files (x86)\Microsoft Visual Studio 10.0\VC\bin\link.exe /ERRORREPORT:PROMPT /OUT:"C:\Users\Bertoso\Desktop\camstudio-clone-master\camstudio\CamStudio\Release\CamHook.dll" /INCREMENTAL:NO /NOLOGO winmm.lib kernel32.lib user32.lib gdi32.lib winspool.lib comdlg32.lib advapi32.lib shell32.lib ole32.lib oleaut32.lib uuid.lib odbc32.lib odbccp32.lib /MANIFEST /ManifestFile:"C:\Users\Bertoso\Desktop\camstudio-clone-master\camstudio\CamStudio\Release\CamHook.dll.intermediate.manifest" /MANIFESTUAC:"level='asInvoker' uiAccess='false'" /PDB:".\Release/hook.pdb" /SUBSYSTEM:WINDOWS /TLBID:1 /DYNAMICBASE:NO /IMPLIB:".\Release/hook.lib" /MACHINE:X86 /DLL Release\hook.res
         .\Release/ClickQueue.obj
         .\Release/hook.obj
         .\Release/StdAfx.obj
            Creating library .\Release/hook.lib and object .\Release/hook.exp
         hook.vcxproj -> C:\Users\Bertoso\Desktop\camstudio-clone-master\camstudio\CamStudio\Release\CamHook.dll
       Manifest:
         C:\Program Files (x86)\Microsoft SDKs\Windows\v7.0A\bin\mt.exe /nologo /verbose /outputresource:"C:\Users\Bertoso\Desktop\camstudio-clone-master\camstudio\CamStudio\Release\CamHook.dll;#2" /manifest "C:\Users\Bertoso\Desktop\camstudio-clone-master\camstudio\CamStudio\Release\CamHook.dll.intermediate.manifest"
       FinalizeBuildStatus:
         Deleting file "Release\CamHook.unsuccessfulbuild".
         Touching "Release\CamHook.lastbuildstate".
     1>Done Building Project "C:\Users\Bertoso\Desktop\camstudio-clone-master\camstudio\CamStudio\hook\hook.vcxproj" (build target(s)).

Build succeeded.

Time Elapsed 00:00:28.44
