d:\dev\camstudio\cximage\cximage\release\cximage.pdb
d:\dev\camstudio\cximage\cximage\release\ximapng.obj
d:\dev\camstudio\cximage\cximage\release\ximapcx.obj
d:\dev\camstudio\cximage\cximage\release\ximapal.obj
d:\dev\camstudio\cximage\cximage\release\ximamng.obj
d:\dev\camstudio\cximage\cximage\release\ximalyr.obj
d:\dev\camstudio\cximage\cximage\release\ximalpha.obj
d:\dev\camstudio\cximage\cximage\release\ximajpg.obj
d:\dev\camstudio\cximage\cximage\release\ximajbg.obj
d:\dev\camstudio\cximage\cximage\release\ximajas.obj
d:\dev\camstudio\cximage\cximage\release\ximaint.obj
d:\dev\camstudio\cximage\cximage\release\ximainfo.obj
d:\dev\camstudio\cximage\cximage\release\ximaico.obj
d:\dev\camstudio\cximage\cximage\release\ximahist.obj
d:\dev\camstudio\cximage\cximage\release\ximagif.obj
d:\dev\camstudio\cximage\cximage\release\ximage.obj
d:\dev\camstudio\cximage\cximage\release\ximaexif.obj
d:\dev\camstudio\cximage\cximage\release\ximaenc.obj
d:\dev\camstudio\cximage\cximage\release\ximadsp.obj
d:\dev\camstudio\cximage\cximage\release\ximabmp.obj
d:\dev\camstudio\cximage\cximage\release\tif_xfile.obj
d:\dev\camstudio\cximage\cximage\release\xmemfile.obj
d:\dev\camstudio\cximage\cximage\release\ximawnd.obj
d:\dev\camstudio\cximage\cximage\release\ximawmf.obj
d:\dev\camstudio\cximage\cximage\release\ximawbmp.obj
d:\dev\camstudio\cximage\cximage\release\ximatran.obj
d:\dev\camstudio\cximage\cximage\release\ximatif.obj
d:\dev\camstudio\cximage\cximage\release\ximath.obj
d:\dev\camstudio\cximage\cximage\release\ximatga.obj
d:\dev\camstudio\cximage\cximage\release\ximaska.obj
d:\dev\camstudio\cximage\cximage\release\ximasel.obj
d:\dev\camstudio\cximage\cximage\release\ximaraw.obj
d:\dev\camstudio\cximage\cximage\release\ximapsd.obj
d:\dev\camstudio\release\cximage.lib
d:\dev\camstudio\cximage\cximage\cximage.release\cximage.tlog\cl.command.1.tlog
d:\dev\camstudio\cximage\cximage\cximage.release\cximage.tlog\cl.read.1.tlog
d:\dev\camstudio\cximage\cximage\cximage.release\cximage.tlog\cl.write.1.tlog
d:\dev\camstudio\cximage\cximage\cximage.release\cximage.tlog\lib-link.read.1.tlog
d:\dev\camstudio\cximage\cximage\cximage.release\cximage.tlog\lib-link.write.1.tlog
d:\dev\camstudio\cximage\cximage\cximage.release\cximage.tlog\lib.command.1.tlog
