Build started 1/16/2013 3:04:15 AM.
     1>Project "C:\Users\Bertoso\Desktop\camstudio-clone-master\camstudio\CamStudio\CxImage\tiff\Tiff.vcxproj" on node 4 (build target(s)).
     1>InitializeBuildStatus:
         Creating ".\Release\Tiff.unsuccessfulbuild" because "AlwaysCreate" was specified.
       ClCompile:
         C:\Program Files (x86)\Microsoft Visual Studio 10.0\VC\bin\CL.exe /c /I..\zlib /Zi /nologo /W3 /WX- /O1 /Ob1 /Oy- /D WIN32 /D NDEBUG /D _LIB /D _CRT_SECURE_NO_DEPRECATE /GF /Gm- /EHsc /MD /GS /Gy /fp:precise /Zc:wchar_t /Zc:forScope /Fo".\Release/" /Fd".\Release/vc100.pdb" /Gd /TC /analyze- /errorReport:prompt tif_aux.c tif_close.c tif_codec.c tif_color.c tif_compress.c tif_dir.c tif_dirinfo.c tif_dirread.c tif_dirwrite.c tif_dumpmode.c tif_error.c tif_fax3.c tif_fax3sm.c tif_flush.c tif_getimage.c tif_jpeg.c tif_luv.c tif_lzw.c tif_next.c tif_ojpeg.c tif_open.c tif_packbits.c tif_pixarlog.c tif_predict.c tif_print.c tif_read.c tif_strip.c tif_swab.c tif_thunder.c tif_tile.c tif_version.c tif_warning.c tif_write.c tif_zip.c
         tif_aux.c
         tif_close.c
         tif_codec.c
         tif_color.c
         tif_compress.c
         tif_dir.c
         tif_dirinfo.c
     1>tif_dirinfo.c(799): warning C4996: '_lfind': The POSIX name for this item is deprecated. Instead, use the ISO C++ conformant name: _lfind. See online help for details.
                 C:\Program Files (x86)\Microsoft Visual Studio 10.0\VC\include\search.h(53) : see declaration of '_lfind'
         tif_dirread.c
         tif_dirwrite.c
         tif_dumpmode.c
         tif_error.c
         tif_fax3.c
         tif_fax3sm.c
         tif_flush.c
         tif_getimage.c
         tif_jpeg.c
         tif_luv.c
         tif_lzw.c
         tif_next.c
         tif_ojpeg.c
         Generating Code...
         Compiling...
         tif_open.c
         tif_packbits.c
         tif_pixarlog.c
         tif_predict.c
         tif_print.c
         tif_read.c
         tif_strip.c
         tif_swab.c
         tif_thunder.c
         tif_tile.c
         tif_version.c
         tif_warning.c
         tif_write.c
         tif_zip.c
         Generating Code...
       Lib:
         C:\Program Files (x86)\Microsoft Visual Studio 10.0\VC\bin\Lib.exe /OUT:".\Release\Tiff.lib" /NOLOGO .\Release/tif_aux.obj
         .\Release/tif_close.obj
         .\Release/tif_codec.obj
         .\Release/tif_color.obj
         .\Release/tif_compress.obj
         .\Release/tif_dir.obj
         .\Release/tif_dirinfo.obj
         .\Release/tif_dirread.obj
         .\Release/tif_dirwrite.obj
         .\Release/tif_dumpmode.obj
         .\Release/tif_error.obj
         .\Release/tif_fax3.obj
         .\Release/tif_fax3sm.obj
         .\Release/tif_flush.obj
         .\Release/tif_getimage.obj
         .\Release/tif_jpeg.obj
         .\Release/tif_luv.obj
         .\Release/tif_lzw.obj
         .\Release/tif_next.obj
         .\Release/tif_ojpeg.obj
         .\Release/tif_open.obj
         .\Release/tif_packbits.obj
         .\Release/tif_pixarlog.obj
         .\Release/tif_predict.obj
         .\Release/tif_print.obj
         .\Release/tif_read.obj
         .\Release/tif_strip.obj
         .\Release/tif_swab.obj
         .\Release/tif_thunder.obj
         .\Release/tif_tile.obj
         .\Release/tif_version.obj
         .\Release/tif_warning.obj
         .\Release/tif_write.obj
         .\Release/tif_zip.obj
         Tiff.vcxproj -> C:\Users\Bertoso\Desktop\camstudio-clone-master\camstudio\CamStudio\CxImage\tiff\.\Release\Tiff.lib
       FinalizeBuildStatus:
         Deleting file ".\Release\Tiff.unsuccessfulbuild".
         Touching ".\Release\Tiff.lastbuildstate".
     1>Done Building Project "C:\Users\Bertoso\Desktop\camstudio-clone-master\camstudio\CamStudio\CxImage\tiff\Tiff.vcxproj" (build target(s)).

Build succeeded.

Time Elapsed 00:00:07.24
