C:\Users\Bertoso\Desktop\camstudio-clone-master\camstudio\CamStudio\CxImage\tiff\.\Release\Tiff.lib
C:\Users\Bertoso\Desktop\camstudio-clone-master\camstudio\CamStudio\CxImage\tiff\Release\cl.command.1.tlog
C:\Users\Bertoso\Desktop\camstudio-clone-master\camstudio\CamStudio\CxImage\tiff\Release\CL.read.1.tlog
C:\Users\Bertoso\Desktop\camstudio-clone-master\camstudio\CamStudio\CxImage\tiff\Release\CL.write.1.tlog
C:\Users\Bertoso\Desktop\camstudio-clone-master\camstudio\CamStudio\CxImage\tiff\Release\lib.command.1.tlog
C:\Users\Bertoso\Desktop\camstudio-clone-master\camstudio\CamStudio\CxImage\tiff\Release\Lib-link.read.1.tlog
C:\Users\Bertoso\Desktop\camstudio-clone-master\camstudio\CamStudio\CxImage\tiff\Release\Lib-link.write.1.tlog
C:\USERS\BERTOSO\DESKTOP\CAMSTUDIO-CLONE-MASTER\CAMSTUDIO\CAMSTUDIO\CXIMAGE\TIFF\RELEASE\TIF_AUX.OBJ
C:\USERS\BERTOSO\DESKTOP\CAMSTUDIO-CLONE-MASTER\CAMSTUDIO\CAMSTUDIO\CXIMAGE\TIFF\RELEASE\TIF_CLOSE.OBJ
C:\USERS\BERTOSO\DESKTOP\CAMSTUDIO-CLONE-MASTER\CAMSTUDIO\CAMSTUDIO\CXIMAGE\TIFF\RELEASE\TIF_CODEC.OBJ
C:\USERS\BERTOSO\DESKTOP\CAMSTUDIO-CLONE-MASTER\CAMSTUDIO\CAMSTUDIO\CXIMAGE\TIFF\RELEASE\TIF_COLOR.OBJ
C:\USERS\BERTOSO\DESKTOP\CAMSTUDIO-CLONE-MASTER\CAMSTUDIO\CAMSTUDIO\CXIMAGE\TIFF\RELEASE\TIF_COMPRESS.OBJ
C:\USERS\BERTOSO\DESKTOP\CAMSTUDIO-CLONE-MASTER\CAMSTUDIO\CAMSTUDIO\CXIMAGE\TIFF\RELEASE\TIF_DIR.OBJ
C:\USERS\BERTOSO\DESKTOP\CAMSTUDIO-CLONE-MASTER\CAMSTUDIO\CAMSTUDIO\CXIMAGE\TIFF\RELEASE\TIF_DIRINFO.OBJ
C:\USERS\BERTOSO\DESKTOP\CAMSTUDIO-CLONE-MASTER\CAMSTUDIO\CAMSTUDIO\CXIMAGE\TIFF\RELEASE\TIF_DIRREAD.OBJ
C:\USERS\BERTOSO\DESKTOP\CAMSTUDIO-CLONE-MASTER\CAMSTUDIO\CAMSTUDIO\CXIMAGE\TIFF\RELEASE\TIF_DIRWRITE.OBJ
C:\USERS\BERTOSO\DESKTOP\CAMSTUDIO-CLONE-MASTER\CAMSTUDIO\CAMSTUDIO\CXIMAGE\TIFF\RELEASE\TIF_DUMPMODE.OBJ
C:\USERS\BERTOSO\DESKTOP\CAMSTUDIO-CLONE-MASTER\CAMSTUDIO\CAMSTUDIO\CXIMAGE\TIFF\RELEASE\TIF_ERROR.OBJ
C:\USERS\BERTOSO\DESKTOP\CAMSTUDIO-CLONE-MASTER\CAMSTUDIO\CAMSTUDIO\CXIMAGE\TIFF\RELEASE\TIF_FAX3.OBJ
C:\USERS\BERTOSO\DESKTOP\CAMSTUDIO-CLONE-MASTER\CAMSTUDIO\CAMSTUDIO\CXIMAGE\TIFF\RELEASE\TIF_FAX3SM.OBJ
C:\USERS\BERTOSO\DESKTOP\CAMSTUDIO-CLONE-MASTER\CAMSTUDIO\CAMSTUDIO\CXIMAGE\TIFF\RELEASE\TIF_FLUSH.OBJ
C:\USERS\BERTOSO\DESKTOP\CAMSTUDIO-CLONE-MASTER\CAMSTUDIO\CAMSTUDIO\CXIMAGE\TIFF\RELEASE\TIF_GETIMAGE.OBJ
C:\USERS\BERTOSO\DESKTOP\CAMSTUDIO-CLONE-MASTER\CAMSTUDIO\CAMSTUDIO\CXIMAGE\TIFF\RELEASE\TIF_JPEG.OBJ
C:\USERS\BERTOSO\DESKTOP\CAMSTUDIO-CLONE-MASTER\CAMSTUDIO\CAMSTUDIO\CXIMAGE\TIFF\RELEASE\TIF_LUV.OBJ
C:\USERS\BERTOSO\DESKTOP\CAMSTUDIO-CLONE-MASTER\CAMSTUDIO\CAMSTUDIO\CXIMAGE\TIFF\RELEASE\TIF_LZW.OBJ
C:\USERS\BERTOSO\DESKTOP\CAMSTUDIO-CLONE-MASTER\CAMSTUDIO\CAMSTUDIO\CXIMAGE\TIFF\RELEASE\TIF_NEXT.OBJ
C:\USERS\BERTOSO\DESKTOP\CAMSTUDIO-CLONE-MASTER\CAMSTUDIO\CAMSTUDIO\CXIMAGE\TIFF\RELEASE\TIF_OJPEG.OBJ
C:\USERS\BERTOSO\DESKTOP\CAMSTUDIO-CLONE-MASTER\CAMSTUDIO\CAMSTUDIO\CXIMAGE\TIFF\RELEASE\TIF_OPEN.OBJ
C:\USERS\BERTOSO\DESKTOP\CAMSTUDIO-CLONE-MASTER\CAMSTUDIO\CAMSTUDIO\CXIMAGE\TIFF\RELEASE\TIF_PACKBITS.OBJ
C:\USERS\BERTOSO\DESKTOP\CAMSTUDIO-CLONE-MASTER\CAMSTUDIO\CAMSTUDIO\CXIMAGE\TIFF\RELEASE\TIF_PIXARLOG.OBJ
C:\USERS\BERTOSO\DESKTOP\CAMSTUDIO-CLONE-MASTER\CAMSTUDIO\CAMSTUDIO\CXIMAGE\TIFF\RELEASE\TIF_PREDICT.OBJ
C:\USERS\BERTOSO\DESKTOP\CAMSTUDIO-CLONE-MASTER\CAMSTUDIO\CAMSTUDIO\CXIMAGE\TIFF\RELEASE\TIF_PRINT.OBJ
C:\USERS\BERTOSO\DESKTOP\CAMSTUDIO-CLONE-MASTER\CAMSTUDIO\CAMSTUDIO\CXIMAGE\TIFF\RELEASE\TIF_READ.OBJ
C:\USERS\BERTOSO\DESKTOP\CAMSTUDIO-CLONE-MASTER\CAMSTUDIO\CAMSTUDIO\CXIMAGE\TIFF\RELEASE\TIF_STRIP.OBJ
C:\USERS\BERTOSO\DESKTOP\CAMSTUDIO-CLONE-MASTER\CAMSTUDIO\CAMSTUDIO\CXIMAGE\TIFF\RELEASE\TIF_SWAB.OBJ
C:\USERS\BERTOSO\DESKTOP\CAMSTUDIO-CLONE-MASTER\CAMSTUDIO\CAMSTUDIO\CXIMAGE\TIFF\RELEASE\TIF_THUNDER.OBJ
C:\USERS\BERTOSO\DESKTOP\CAMSTUDIO-CLONE-MASTER\CAMSTUDIO\CAMSTUDIO\CXIMAGE\TIFF\RELEASE\TIF_TILE.OBJ
C:\USERS\BERTOSO\DESKTOP\CAMSTUDIO-CLONE-MASTER\CAMSTUDIO\CAMSTUDIO\CXIMAGE\TIFF\RELEASE\TIF_VERSION.OBJ
C:\USERS\BERTOSO\DESKTOP\CAMSTUDIO-CLONE-MASTER\CAMSTUDIO\CAMSTUDIO\CXIMAGE\TIFF\RELEASE\TIF_WARNING.OBJ
C:\USERS\BERTOSO\DESKTOP\CAMSTUDIO-CLONE-MASTER\CAMSTUDIO\CAMSTUDIO\CXIMAGE\TIFF\RELEASE\TIF_WRITE.OBJ
C:\USERS\BERTOSO\DESKTOP\CAMSTUDIO-CLONE-MASTER\CAMSTUDIO\CAMSTUDIO\CXIMAGE\TIFF\RELEASE\TIF_ZIP.OBJ
C:\USERS\BERTOSO\DESKTOP\CAMSTUDIO-CLONE-MASTER\CAMSTUDIO\CAMSTUDIO\CXIMAGE\TIFF\RELEASE\TIFF.LIB
C:\Users\Bertoso\Desktop\camstudio-clone-master\camstudio\CamStudio\CxImage\tiff\Release\Tiff.vcxprojResolveAssemblyReference.cache
C:\Users\Bertoso\Desktop\camstudio-clone-master\camstudio\CamStudio\CxImage\tiff\Release\Tiff.write.1.tlog
C:\USERS\BERTOSO\DESKTOP\CAMSTUDIO-CLONE-MASTER\CAMSTUDIO\CAMSTUDIO\CXIMAGE\TIFF\RELEASE\VC100.PDB
