C:\Users\Bertoso\Desktop\camstudio-clone-master\camstudio\CamStudio\CxImage\libpsd\.\Debug\libpsd.lib
C:\USERS\BERTOSO\DESKTOP\CAMSTUDIO-CLONE-MASTER\CAMSTUDIO\CAMSTUDIO\CXIMAGE\LIBPSD\DEBUG\ADJUSTMENT.OBJ
C:\USERS\BERTOSO\DESKTOP\CAMSTUDIO-CLONE-MASTER\CAMSTUDIO\CAMSTUDIO\CXIMAGE\LIBPSD\DEBUG\BEVEL_EMBOSS.OBJ
C:\USERS\BERTOSO\DESKTOP\CAMSTUDIO-CLONE-MASTER\CAMSTUDIO\CAMSTUDIO\CXIMAGE\LIBPSD\DEBUG\BITMAP.OBJ
C:\USERS\BERTOSO\DESKTOP\CAMSTUDIO-CLONE-MASTER\CAMSTUDIO\CAMSTUDIO\CXIMAGE\LIBPSD\DEBUG\BLEND.OBJ
C:\USERS\BERTOSO\DESKTOP\CAMSTUDIO-CLONE-MASTER\CAMSTUDIO\CAMSTUDIO\CXIMAGE\LIBPSD\DEBUG\BOUNDARY.OBJ
C:\USERS\BERTOSO\DESKTOP\CAMSTUDIO-CLONE-MASTER\CAMSTUDIO\CAMSTUDIO\CXIMAGE\LIBPSD\DEBUG\BRIGHTNESS_CONTRAST.OBJ
C:\USERS\BERTOSO\DESKTOP\CAMSTUDIO-CLONE-MASTER\CAMSTUDIO\CAMSTUDIO\CXIMAGE\LIBPSD\DEBUG\CHANNEL_IMAGE.OBJ
C:\USERS\BERTOSO\DESKTOP\CAMSTUDIO-CLONE-MASTER\CAMSTUDIO\CAMSTUDIO\CXIMAGE\LIBPSD\DEBUG\CHANNEL_MIXER.OBJ
C:\Users\Bertoso\Desktop\camstudio-clone-master\camstudio\CamStudio\CxImage\libpsd\Debug\cl.command.1.tlog
C:\Users\Bertoso\Desktop\camstudio-clone-master\camstudio\CamStudio\CxImage\libpsd\Debug\CL.read.1.tlog
C:\Users\Bertoso\Desktop\camstudio-clone-master\camstudio\CamStudio\CxImage\libpsd\Debug\CL.write.1.tlog
C:\USERS\BERTOSO\DESKTOP\CAMSTUDIO-CLONE-MASTER\CAMSTUDIO\CAMSTUDIO\CXIMAGE\LIBPSD\DEBUG\COLOR.OBJ
C:\USERS\BERTOSO\DESKTOP\CAMSTUDIO-CLONE-MASTER\CAMSTUDIO\CAMSTUDIO\CXIMAGE\LIBPSD\DEBUG\COLOR_BALANCE.OBJ
C:\USERS\BERTOSO\DESKTOP\CAMSTUDIO-CLONE-MASTER\CAMSTUDIO\CAMSTUDIO\CXIMAGE\LIBPSD\DEBUG\COLOR_MODE.OBJ
C:\USERS\BERTOSO\DESKTOP\CAMSTUDIO-CLONE-MASTER\CAMSTUDIO\CAMSTUDIO\CXIMAGE\LIBPSD\DEBUG\COLOR_OVERLAY.OBJ
C:\USERS\BERTOSO\DESKTOP\CAMSTUDIO-CLONE-MASTER\CAMSTUDIO\CAMSTUDIO\CXIMAGE\LIBPSD\DEBUG\CURVES.OBJ
C:\USERS\BERTOSO\DESKTOP\CAMSTUDIO-CLONE-MASTER\CAMSTUDIO\CAMSTUDIO\CXIMAGE\LIBPSD\DEBUG\DESCRIPTOR.OBJ
C:\USERS\BERTOSO\DESKTOP\CAMSTUDIO-CLONE-MASTER\CAMSTUDIO\CAMSTUDIO\CXIMAGE\LIBPSD\DEBUG\DROP_SHADOW.OBJ
C:\USERS\BERTOSO\DESKTOP\CAMSTUDIO-CLONE-MASTER\CAMSTUDIO\CAMSTUDIO\CXIMAGE\LIBPSD\DEBUG\EFFECTS.OBJ
C:\USERS\BERTOSO\DESKTOP\CAMSTUDIO-CLONE-MASTER\CAMSTUDIO\CAMSTUDIO\CXIMAGE\LIBPSD\DEBUG\FILE_HEADER.OBJ
C:\USERS\BERTOSO\DESKTOP\CAMSTUDIO-CLONE-MASTER\CAMSTUDIO\CAMSTUDIO\CXIMAGE\LIBPSD\DEBUG\FIXED.OBJ
C:\USERS\BERTOSO\DESKTOP\CAMSTUDIO-CLONE-MASTER\CAMSTUDIO\CAMSTUDIO\CXIMAGE\LIBPSD\DEBUG\GAUSSIAN_BLUR.OBJ
C:\USERS\BERTOSO\DESKTOP\CAMSTUDIO-CLONE-MASTER\CAMSTUDIO\CAMSTUDIO\CXIMAGE\LIBPSD\DEBUG\GRADIENT_BLEND.OBJ
C:\USERS\BERTOSO\DESKTOP\CAMSTUDIO-CLONE-MASTER\CAMSTUDIO\CAMSTUDIO\CXIMAGE\LIBPSD\DEBUG\GRADIENT_FILL.OBJ
C:\USERS\BERTOSO\DESKTOP\CAMSTUDIO-CLONE-MASTER\CAMSTUDIO\CAMSTUDIO\CXIMAGE\LIBPSD\DEBUG\GRADIENT_MAP.OBJ
C:\USERS\BERTOSO\DESKTOP\CAMSTUDIO-CLONE-MASTER\CAMSTUDIO\CAMSTUDIO\CXIMAGE\LIBPSD\DEBUG\GRADIENT_OVERLAY.OBJ
C:\USERS\BERTOSO\DESKTOP\CAMSTUDIO-CLONE-MASTER\CAMSTUDIO\CAMSTUDIO\CXIMAGE\LIBPSD\DEBUG\HUE_SATURATION.OBJ
C:\USERS\BERTOSO\DESKTOP\CAMSTUDIO-CLONE-MASTER\CAMSTUDIO\CAMSTUDIO\CXIMAGE\LIBPSD\DEBUG\IMAGE_DATA.OBJ
C:\USERS\BERTOSO\DESKTOP\CAMSTUDIO-CLONE-MASTER\CAMSTUDIO\CAMSTUDIO\CXIMAGE\LIBPSD\DEBUG\IMAGE_RESOURCE.OBJ
C:\USERS\BERTOSO\DESKTOP\CAMSTUDIO-CLONE-MASTER\CAMSTUDIO\CAMSTUDIO\CXIMAGE\LIBPSD\DEBUG\INNER_GLOW.OBJ
C:\USERS\BERTOSO\DESKTOP\CAMSTUDIO-CLONE-MASTER\CAMSTUDIO\CAMSTUDIO\CXIMAGE\LIBPSD\DEBUG\INNER_SHADOW.OBJ
C:\USERS\BERTOSO\DESKTOP\CAMSTUDIO-CLONE-MASTER\CAMSTUDIO\CAMSTUDIO\CXIMAGE\LIBPSD\DEBUG\INVERT.OBJ
C:\USERS\BERTOSO\DESKTOP\CAMSTUDIO-CLONE-MASTER\CAMSTUDIO\CAMSTUDIO\CXIMAGE\LIBPSD\DEBUG\LAYER_MASK.OBJ
C:\USERS\BERTOSO\DESKTOP\CAMSTUDIO-CLONE-MASTER\CAMSTUDIO\CAMSTUDIO\CXIMAGE\LIBPSD\DEBUG\LEVELS.OBJ
C:\Users\Bertoso\Desktop\camstudio-clone-master\camstudio\CamStudio\CxImage\libpsd\Debug\lib.command.1.tlog
C:\Users\Bertoso\Desktop\camstudio-clone-master\camstudio\CamStudio\CxImage\libpsd\Debug\Lib-link.read.1.tlog
C:\Users\Bertoso\Desktop\camstudio-clone-master\camstudio\CamStudio\CxImage\libpsd\Debug\Lib-link.write.1.tlog
C:\USERS\BERTOSO\DESKTOP\CAMSTUDIO-CLONE-MASTER\CAMSTUDIO\CAMSTUDIO\CXIMAGE\LIBPSD\DEBUG\LIBPSD.LIB
C:\Users\Bertoso\Desktop\camstudio-clone-master\camstudio\CamStudio\CxImage\libpsd\Debug\libpsd.write.1.tlog
C:\USERS\BERTOSO\DESKTOP\CAMSTUDIO-CLONE-MASTER\CAMSTUDIO\CAMSTUDIO\CXIMAGE\LIBPSD\DEBUG\OUTER_GLOW.OBJ
C:\USERS\BERTOSO\DESKTOP\CAMSTUDIO-CLONE-MASTER\CAMSTUDIO\CAMSTUDIO\CXIMAGE\LIBPSD\DEBUG\PATH.OBJ
C:\USERS\BERTOSO\DESKTOP\CAMSTUDIO-CLONE-MASTER\CAMSTUDIO\CAMSTUDIO\CXIMAGE\LIBPSD\DEBUG\PATTERN.OBJ
C:\USERS\BERTOSO\DESKTOP\CAMSTUDIO-CLONE-MASTER\CAMSTUDIO\CAMSTUDIO\CXIMAGE\LIBPSD\DEBUG\PATTERN_FILL.OBJ
C:\USERS\BERTOSO\DESKTOP\CAMSTUDIO-CLONE-MASTER\CAMSTUDIO\CAMSTUDIO\CXIMAGE\LIBPSD\DEBUG\PATTERN_OVERLAY.OBJ
C:\USERS\BERTOSO\DESKTOP\CAMSTUDIO-CLONE-MASTER\CAMSTUDIO\CAMSTUDIO\CXIMAGE\LIBPSD\DEBUG\PHOTO_FILTER.OBJ
C:\USERS\BERTOSO\DESKTOP\CAMSTUDIO-CLONE-MASTER\CAMSTUDIO\CAMSTUDIO\CXIMAGE\LIBPSD\DEBUG\POSTERIZE.OBJ
C:\USERS\BERTOSO\DESKTOP\CAMSTUDIO-CLONE-MASTER\CAMSTUDIO\CAMSTUDIO\CXIMAGE\LIBPSD\DEBUG\PSD.OBJ
C:\USERS\BERTOSO\DESKTOP\CAMSTUDIO-CLONE-MASTER\CAMSTUDIO\CAMSTUDIO\CXIMAGE\LIBPSD\DEBUG\PSD_SYSTEM.OBJ
C:\USERS\BERTOSO\DESKTOP\CAMSTUDIO-CLONE-MASTER\CAMSTUDIO\CAMSTUDIO\CXIMAGE\LIBPSD\DEBUG\PSD_ZIP.OBJ
C:\USERS\BERTOSO\DESKTOP\CAMSTUDIO-CLONE-MASTER\CAMSTUDIO\CAMSTUDIO\CXIMAGE\LIBPSD\DEBUG\RECT.OBJ
C:\USERS\BERTOSO\DESKTOP\CAMSTUDIO-CLONE-MASTER\CAMSTUDIO\CAMSTUDIO\CXIMAGE\LIBPSD\DEBUG\SATIN.OBJ
C:\USERS\BERTOSO\DESKTOP\CAMSTUDIO-CLONE-MASTER\CAMSTUDIO\CAMSTUDIO\CXIMAGE\LIBPSD\DEBUG\SELECTIVE_COLOR.OBJ
C:\USERS\BERTOSO\DESKTOP\CAMSTUDIO-CLONE-MASTER\CAMSTUDIO\CAMSTUDIO\CXIMAGE\LIBPSD\DEBUG\SOLID_COLOR.OBJ
C:\USERS\BERTOSO\DESKTOP\CAMSTUDIO-CLONE-MASTER\CAMSTUDIO\CAMSTUDIO\CXIMAGE\LIBPSD\DEBUG\STREAM.OBJ
C:\USERS\BERTOSO\DESKTOP\CAMSTUDIO-CLONE-MASTER\CAMSTUDIO\CAMSTUDIO\CXIMAGE\LIBPSD\DEBUG\STROKE.OBJ
C:\USERS\BERTOSO\DESKTOP\CAMSTUDIO-CLONE-MASTER\CAMSTUDIO\CAMSTUDIO\CXIMAGE\LIBPSD\DEBUG\THRESHOLD.OBJ
C:\USERS\BERTOSO\DESKTOP\CAMSTUDIO-CLONE-MASTER\CAMSTUDIO\CAMSTUDIO\CXIMAGE\LIBPSD\DEBUG\THUMBNAIL.OBJ
C:\USERS\BERTOSO\DESKTOP\CAMSTUDIO-CLONE-MASTER\CAMSTUDIO\CAMSTUDIO\CXIMAGE\LIBPSD\DEBUG\TYPE_TOOL.OBJ
C:\Users\Bertoso\Desktop\camstudio-clone-master\camstudio\CamStudio\CxImage\libpsd\Debug\vc100.idb
C:\USERS\BERTOSO\DESKTOP\CAMSTUDIO-CLONE-MASTER\CAMSTUDIO\CAMSTUDIO\CXIMAGE\LIBPSD\DEBUG\VC100.PDB
