Build started 1/16/2013 3:04:14 AM.
     1>Project "C:\Users\Bertoso\Desktop\camstudio-clone-master\camstudio\CamStudio\CxImage\zlib\zlib.vcxproj" on node 3 (build target(s)).
     1>InitializeBuildStatus:
         Creating ".\Release\zlib.unsuccessfulbuild" because "AlwaysCreate" was specified.
       ClCompile:
         C:\Program Files (x86)\Microsoft Visual Studio 10.0\VC\bin\CL.exe /c /Zi /nologo /W3 /WX- /O2 /Ob1 /Oy- /D WIN32 /D NDEBUG /D _WINDOWS /D _CRT_SECURE_NO_DEPRECATE /GF /Gm- /EHsc /MD /GS /Gy /fp:precise /Zc:wchar_t /Zc:forScope /Fo".\Release/" /Fd".\Release/vc100.pdb" /Gd /TC /analyze- /errorReport:prompt adler32.c compress.c crc32.c deflate.c infback.c inffast.c inflate.c inftrees.c trees.c uncompr.c zutil.c
         adler32.c
         compress.c
         crc32.c
         deflate.c
         infback.c
         inffast.c
         inflate.c
         inftrees.c
         trees.c
         uncompr.c
         zutil.c
         Generating Code...
       Lib:
         C:\Program Files (x86)\Microsoft Visual Studio 10.0\VC\bin\Lib.exe /OUT:".\Release\zlib.lib" /NOLOGO .\Release/adler32.obj
         .\Release/compress.obj
         .\Release/crc32.obj
         .\Release/deflate.obj
         .\Release/infback.obj
         .\Release/inffast.obj
         .\Release/inflate.obj
         .\Release/inftrees.obj
         .\Release/trees.obj
         .\Release/uncompr.obj
         .\Release/zutil.obj
         zlib.vcxproj -> C:\Users\Bertoso\Desktop\camstudio-clone-master\camstudio\CamStudio\CxImage\zlib\.\Release\zlib.lib
       FinalizeBuildStatus:
         Deleting file ".\Release\zlib.unsuccessfulbuild".
         Touching ".\Release\zlib.lastbuildstate".
     1>Done Building Project "C:\Users\Bertoso\Desktop\camstudio-clone-master\camstudio\CamStudio\CxImage\zlib\zlib.vcxproj" (build target(s)).

Build succeeded.

Time Elapsed 00:00:02.62
