C:\USERS\BERTOSO\DESKTOP\CAMSTUDIO-CLONE-MASTER\CAMSTUDIO\CAMSTUDIO\CAMLIB\RELEASE\CAMERROR.OBJ
C:\USERS\BERTOSO\DESKTOP\CAMSTUDIO-CLONE-MASTER\CAMSTUDIO\CAMSTUDIO\CAMLIB\RELEASE\CAMFILE.OBJ
C:\USERS\BERTOSO\DESKTOP\CAMSTUDIO-CLONE-MASTER\CAMSTUDIO\CAMSTUDIO\CAMLIB\RELEASE\CAMIMAGE.OBJ
C:\USERS\BERTOSO\DESKTOP\CAMSTUDIO-CLONE-MASTER\CAMSTUDIO\CAMSTUDIO\CAMLIB\RELEASE\CAMLIB.PCH
C:\Users\Bertoso\Desktop\camstudio-clone-master\camstudio\CamStudio\CamLib\Release\CamLib.write.1.tlog
C:\USERS\BERTOSO\DESKTOP\CAMSTUDIO-CLONE-MASTER\CAMSTUDIO\CAMSTUDIO\CAMLIB\RELEASE\CAMRECT.OBJ
C:\USERS\BERTOSO\DESKTOP\CAMSTUDIO-CLONE-MASTER\CAMSTUDIO\CAMSTUDIO\CAMLIB\RELEASE\CAMSYS.OBJ
C:\USERS\BERTOSO\DESKTOP\CAMSTUDIO-CLONE-MASTER\CAMSTUDIO\CAMSTUDIO\CAMLIB\RELEASE\CAMWINDOW.OBJ
C:\USERS\BERTOSO\DESKTOP\CAMSTUDIO-CLONE-MASTER\CAMSTUDIO\CAMSTUDIO\CAMLIB\RELEASE\CBITMAPEX.OBJ
C:\Users\Bertoso\Desktop\camstudio-clone-master\camstudio\CamStudio\CamLib\Release\cl.command.1.tlog
C:\Users\Bertoso\Desktop\camstudio-clone-master\camstudio\CamStudio\CamLib\Release\CL.read.1.tlog
C:\Users\Bertoso\Desktop\camstudio-clone-master\camstudio\CamStudio\CamLib\Release\CL.write.1.tlog
C:\USERS\BERTOSO\DESKTOP\CAMSTUDIO-CLONE-MASTER\CAMSTUDIO\CAMSTUDIO\CAMLIB\RELEASE\CSTUDIOLIB.OBJ
C:\USERS\BERTOSO\DESKTOP\CAMSTUDIO-CLONE-MASTER\CAMSTUDIO\CAMSTUDIO\CAMLIB\RELEASE\FRAMEGRABBER.OBJ
C:\USERS\BERTOSO\DESKTOP\CAMSTUDIO-CLONE-MASTER\CAMSTUDIO\CAMSTUDIO\CAMLIB\RELEASE\HOOK.RES
C:\Users\Bertoso\Desktop\camstudio-clone-master\camstudio\CamStudio\CamLib\Release\lib.command.1.tlog
C:\Users\Bertoso\Desktop\camstudio-clone-master\camstudio\CamStudio\CamLib\Release\Lib-link.read.1.tlog
C:\Users\Bertoso\Desktop\camstudio-clone-master\camstudio\CamStudio\CamLib\Release\Lib-link.write.1.tlog
C:\Users\Bertoso\Desktop\camstudio-clone-master\camstudio\CamStudio\CamLib\Release\Lib-link-cvtres.read.1.tlog
C:\Users\Bertoso\Desktop\camstudio-clone-master\camstudio\CamStudio\CamLib\Release\Lib-link-cvtres.write.1.tlog
C:\USERS\BERTOSO\DESKTOP\CAMSTUDIO-CLONE-MASTER\CAMSTUDIO\CAMSTUDIO\CAMLIB\RELEASE\PICTURE.OBJ
C:\Users\Bertoso\Desktop\camstudio-clone-master\camstudio\CamStudio\CamLib\Release\rc.command.1.tlog
C:\Users\Bertoso\Desktop\camstudio-clone-master\camstudio\CamStudio\CamLib\Release\rc.read.1.tlog
C:\Users\Bertoso\Desktop\camstudio-clone-master\camstudio\CamStudio\CamLib\Release\rc.write.1.tlog
C:\USERS\BERTOSO\DESKTOP\CAMSTUDIO-CLONE-MASTER\CAMSTUDIO\CAMSTUDIO\CAMLIB\RELEASE\STDAFX.OBJ
C:\USERS\BERTOSO\DESKTOP\CAMSTUDIO-CLONE-MASTER\CAMSTUDIO\CAMSTUDIO\CAMLIB\RELEASE\TRAYICON.OBJ
C:\USERS\BERTOSO\DESKTOP\CAMSTUDIO-CLONE-MASTER\CAMSTUDIO\CAMSTUDIO\CAMLIB\RELEASE\VC100.PDB
C:\USERS\BERTOSO\DESKTOP\CAMSTUDIO-CLONE-MASTER\CAMSTUDIO\CAMSTUDIO\RELEASE\CAMLIB.LIB
