C:\Users\Bertoso\Desktop\camstudio-clone-master\camstudio\CamStudio\CxImage\jpeg\.\Release\Jpeg.lib
C:\Users\Bertoso\Desktop\camstudio-clone-master\camstudio\CamStudio\CxImage\jpeg\Release\cl.command.1.tlog
C:\Users\Bertoso\Desktop\camstudio-clone-master\camstudio\CamStudio\CxImage\jpeg\Release\CL.read.1.tlog
C:\Users\Bertoso\Desktop\camstudio-clone-master\camstudio\CamStudio\CxImage\jpeg\Release\CL.write.1.tlog
C:\USERS\BERTOSO\DESKTOP\CAMSTUDIO-CLONE-MASTER\CAMSTUDIO\CAMSTUDIO\CXIMAGE\JPEG\RELEASE\JARICOM.OBJ
C:\USERS\BERTOSO\DESKTOP\CAMSTUDIO-CLONE-MASTER\CAMSTUDIO\CAMSTUDIO\CXIMAGE\JPEG\RELEASE\JCAPIMIN.OBJ
C:\USERS\BERTOSO\DESKTOP\CAMSTUDIO-CLONE-MASTER\CAMSTUDIO\CAMSTUDIO\CXIMAGE\JPEG\RELEASE\JCAPISTD.OBJ
C:\USERS\BERTOSO\DESKTOP\CAMSTUDIO-CLONE-MASTER\CAMSTUDIO\CAMSTUDIO\CXIMAGE\JPEG\RELEASE\JCARITH.OBJ
C:\USERS\BERTOSO\DESKTOP\CAMSTUDIO-CLONE-MASTER\CAMSTUDIO\CAMSTUDIO\CXIMAGE\JPEG\RELEASE\JCCOEFCT.OBJ
C:\USERS\BERTOSO\DESKTOP\CAMSTUDIO-CLONE-MASTER\CAMSTUDIO\CAMSTUDIO\CXIMAGE\JPEG\RELEASE\JCCOLOR.OBJ
C:\USERS\BERTOSO\DESKTOP\CAMSTUDIO-CLONE-MASTER\CAMSTUDIO\CAMSTUDIO\CXIMAGE\JPEG\RELEASE\JCDCTMGR.OBJ
C:\USERS\BERTOSO\DESKTOP\CAMSTUDIO-CLONE-MASTER\CAMSTUDIO\CAMSTUDIO\CXIMAGE\JPEG\RELEASE\JCHUFF.OBJ
C:\USERS\BERTOSO\DESKTOP\CAMSTUDIO-CLONE-MASTER\CAMSTUDIO\CAMSTUDIO\CXIMAGE\JPEG\RELEASE\JCINIT.OBJ
C:\USERS\BERTOSO\DESKTOP\CAMSTUDIO-CLONE-MASTER\CAMSTUDIO\CAMSTUDIO\CXIMAGE\JPEG\RELEASE\JCMAINCT.OBJ
C:\USERS\BERTOSO\DESKTOP\CAMSTUDIO-CLONE-MASTER\CAMSTUDIO\CAMSTUDIO\CXIMAGE\JPEG\RELEASE\JCMARKER.OBJ
C:\USERS\BERTOSO\DESKTOP\CAMSTUDIO-CLONE-MASTER\CAMSTUDIO\CAMSTUDIO\CXIMAGE\JPEG\RELEASE\JCMASTER.OBJ
C:\USERS\BERTOSO\DESKTOP\CAMSTUDIO-CLONE-MASTER\CAMSTUDIO\CAMSTUDIO\CXIMAGE\JPEG\RELEASE\JCOMAPI.OBJ
C:\USERS\BERTOSO\DESKTOP\CAMSTUDIO-CLONE-MASTER\CAMSTUDIO\CAMSTUDIO\CXIMAGE\JPEG\RELEASE\JCPARAM.OBJ
C:\USERS\BERTOSO\DESKTOP\CAMSTUDIO-CLONE-MASTER\CAMSTUDIO\CAMSTUDIO\CXIMAGE\JPEG\RELEASE\JCPREPCT.OBJ
C:\USERS\BERTOSO\DESKTOP\CAMSTUDIO-CLONE-MASTER\CAMSTUDIO\CAMSTUDIO\CXIMAGE\JPEG\RELEASE\JCSAMPLE.OBJ
C:\USERS\BERTOSO\DESKTOP\CAMSTUDIO-CLONE-MASTER\CAMSTUDIO\CAMSTUDIO\CXIMAGE\JPEG\RELEASE\JCTRANS.OBJ
C:\USERS\BERTOSO\DESKTOP\CAMSTUDIO-CLONE-MASTER\CAMSTUDIO\CAMSTUDIO\CXIMAGE\JPEG\RELEASE\JDAPIMIN.OBJ
C:\USERS\BERTOSO\DESKTOP\CAMSTUDIO-CLONE-MASTER\CAMSTUDIO\CAMSTUDIO\CXIMAGE\JPEG\RELEASE\JDAPISTD.OBJ
C:\USERS\BERTOSO\DESKTOP\CAMSTUDIO-CLONE-MASTER\CAMSTUDIO\CAMSTUDIO\CXIMAGE\JPEG\RELEASE\JDARITH.OBJ
C:\USERS\BERTOSO\DESKTOP\CAMSTUDIO-CLONE-MASTER\CAMSTUDIO\CAMSTUDIO\CXIMAGE\JPEG\RELEASE\JDATADST.OBJ
C:\USERS\BERTOSO\DESKTOP\CAMSTUDIO-CLONE-MASTER\CAMSTUDIO\CAMSTUDIO\CXIMAGE\JPEG\RELEASE\JDATASRC.OBJ
C:\USERS\BERTOSO\DESKTOP\CAMSTUDIO-CLONE-MASTER\CAMSTUDIO\CAMSTUDIO\CXIMAGE\JPEG\RELEASE\JDCOEFCT.OBJ
C:\USERS\BERTOSO\DESKTOP\CAMSTUDIO-CLONE-MASTER\CAMSTUDIO\CAMSTUDIO\CXIMAGE\JPEG\RELEASE\JDCOLOR.OBJ
C:\USERS\BERTOSO\DESKTOP\CAMSTUDIO-CLONE-MASTER\CAMSTUDIO\CAMSTUDIO\CXIMAGE\JPEG\RELEASE\JDDCTMGR.OBJ
C:\USERS\BERTOSO\DESKTOP\CAMSTUDIO-CLONE-MASTER\CAMSTUDIO\CAMSTUDIO\CXIMAGE\JPEG\RELEASE\JDHUFF.OBJ
C:\USERS\BERTOSO\DESKTOP\CAMSTUDIO-CLONE-MASTER\CAMSTUDIO\CAMSTUDIO\CXIMAGE\JPEG\RELEASE\JDINPUT.OBJ
C:\USERS\BERTOSO\DESKTOP\CAMSTUDIO-CLONE-MASTER\CAMSTUDIO\CAMSTUDIO\CXIMAGE\JPEG\RELEASE\JDMAINCT.OBJ
C:\USERS\BERTOSO\DESKTOP\CAMSTUDIO-CLONE-MASTER\CAMSTUDIO\CAMSTUDIO\CXIMAGE\JPEG\RELEASE\JDMARKER.OBJ
C:\USERS\BERTOSO\DESKTOP\CAMSTUDIO-CLONE-MASTER\CAMSTUDIO\CAMSTUDIO\CXIMAGE\JPEG\RELEASE\JDMASTER.OBJ
C:\USERS\BERTOSO\DESKTOP\CAMSTUDIO-CLONE-MASTER\CAMSTUDIO\CAMSTUDIO\CXIMAGE\JPEG\RELEASE\JDMERGE.OBJ
C:\USERS\BERTOSO\DESKTOP\CAMSTUDIO-CLONE-MASTER\CAMSTUDIO\CAMSTUDIO\CXIMAGE\JPEG\RELEASE\JDPOSTCT.OBJ
C:\USERS\BERTOSO\DESKTOP\CAMSTUDIO-CLONE-MASTER\CAMSTUDIO\CAMSTUDIO\CXIMAGE\JPEG\RELEASE\JDSAMPLE.OBJ
C:\USERS\BERTOSO\DESKTOP\CAMSTUDIO-CLONE-MASTER\CAMSTUDIO\CAMSTUDIO\CXIMAGE\JPEG\RELEASE\JDTRANS.OBJ
C:\USERS\BERTOSO\DESKTOP\CAMSTUDIO-CLONE-MASTER\CAMSTUDIO\CAMSTUDIO\CXIMAGE\JPEG\RELEASE\JERROR.OBJ
C:\USERS\BERTOSO\DESKTOP\CAMSTUDIO-CLONE-MASTER\CAMSTUDIO\CAMSTUDIO\CXIMAGE\JPEG\RELEASE\JFDCTFLT.OBJ
C:\USERS\BERTOSO\DESKTOP\CAMSTUDIO-CLONE-MASTER\CAMSTUDIO\CAMSTUDIO\CXIMAGE\JPEG\RELEASE\JFDCTFST.OBJ
C:\USERS\BERTOSO\DESKTOP\CAMSTUDIO-CLONE-MASTER\CAMSTUDIO\CAMSTUDIO\CXIMAGE\JPEG\RELEASE\JFDCTINT.OBJ
C:\USERS\BERTOSO\DESKTOP\CAMSTUDIO-CLONE-MASTER\CAMSTUDIO\CAMSTUDIO\CXIMAGE\JPEG\RELEASE\JIDCTFLT.OBJ
C:\USERS\BERTOSO\DESKTOP\CAMSTUDIO-CLONE-MASTER\CAMSTUDIO\CAMSTUDIO\CXIMAGE\JPEG\RELEASE\JIDCTFST.OBJ
C:\USERS\BERTOSO\DESKTOP\CAMSTUDIO-CLONE-MASTER\CAMSTUDIO\CAMSTUDIO\CXIMAGE\JPEG\RELEASE\JIDCTINT.OBJ
C:\USERS\BERTOSO\DESKTOP\CAMSTUDIO-CLONE-MASTER\CAMSTUDIO\CAMSTUDIO\CXIMAGE\JPEG\RELEASE\JMEMMGR.OBJ
C:\USERS\BERTOSO\DESKTOP\CAMSTUDIO-CLONE-MASTER\CAMSTUDIO\CAMSTUDIO\CXIMAGE\JPEG\RELEASE\JMEMNOBS.OBJ
C:\USERS\BERTOSO\DESKTOP\CAMSTUDIO-CLONE-MASTER\CAMSTUDIO\CAMSTUDIO\CXIMAGE\JPEG\RELEASE\JPEG.LIB
C:\Users\Bertoso\Desktop\camstudio-clone-master\camstudio\CamStudio\CxImage\jpeg\Release\Jpeg.vcxprojResolveAssemblyReference.cache
C:\Users\Bertoso\Desktop\camstudio-clone-master\camstudio\CamStudio\CxImage\jpeg\Release\Jpeg.write.1.tlog
C:\USERS\BERTOSO\DESKTOP\CAMSTUDIO-CLONE-MASTER\CAMSTUDIO\CAMSTUDIO\CXIMAGE\JPEG\RELEASE\JQUANT1.OBJ
C:\USERS\BERTOSO\DESKTOP\CAMSTUDIO-CLONE-MASTER\CAMSTUDIO\CAMSTUDIO\CXIMAGE\JPEG\RELEASE\JQUANT2.OBJ
C:\USERS\BERTOSO\DESKTOP\CAMSTUDIO-CLONE-MASTER\CAMSTUDIO\CAMSTUDIO\CXIMAGE\JPEG\RELEASE\JUTILS.OBJ
C:\Users\Bertoso\Desktop\camstudio-clone-master\camstudio\CamStudio\CxImage\jpeg\Release\lib.command.1.tlog
C:\Users\Bertoso\Desktop\camstudio-clone-master\camstudio\CamStudio\CxImage\jpeg\Release\Lib-link.read.1.tlog
C:\Users\Bertoso\Desktop\camstudio-clone-master\camstudio\CamStudio\CxImage\jpeg\Release\Lib-link.write.1.tlog
C:\USERS\BERTOSO\DESKTOP\CAMSTUDIO-CLONE-MASTER\CAMSTUDIO\CAMSTUDIO\CXIMAGE\JPEG\RELEASE\VC100.PDB
