C:\Users\Bertoso\Desktop\camstudio-clone-master\camstudio\CamStudio\CxImage\mng\.\Debug\mng.lib
C:\Users\Bertoso\Desktop\camstudio-clone-master\camstudio\CamStudio\CxImage\mng\Debug\cl.command.1.tlog
C:\Users\Bertoso\Desktop\camstudio-clone-master\camstudio\CamStudio\CxImage\mng\Debug\CL.read.1.tlog
C:\Users\Bertoso\Desktop\camstudio-clone-master\camstudio\CamStudio\CxImage\mng\Debug\CL.write.1.tlog
C:\Users\Bertoso\Desktop\camstudio-clone-master\camstudio\CamStudio\CxImage\mng\Debug\lib.command.1.tlog
C:\Users\Bertoso\Desktop\camstudio-clone-master\camstudio\CamStudio\CxImage\mng\Debug\Lib-link.read.1.tlog
C:\Users\Bertoso\Desktop\camstudio-clone-master\camstudio\CamStudio\CxImage\mng\Debug\Lib-link.write.1.tlog
C:\USERS\BERTOSO\DESKTOP\CAMSTUDIO-CLONE-MASTER\CAMSTUDIO\CAMSTUDIO\CXIMAGE\MNG\DEBUG\LIBMNG_CALLBACK_XS.OBJ
C:\USERS\BERTOSO\DESKTOP\CAMSTUDIO-CLONE-MASTER\CAMSTUDIO\CAMSTUDIO\CXIMAGE\MNG\DEBUG\LIBMNG_CHUNK_DESCR.OBJ
C:\USERS\BERTOSO\DESKTOP\CAMSTUDIO-CLONE-MASTER\CAMSTUDIO\CAMSTUDIO\CXIMAGE\MNG\DEBUG\LIBMNG_CHUNK_IO.OBJ
C:\USERS\BERTOSO\DESKTOP\CAMSTUDIO-CLONE-MASTER\CAMSTUDIO\CAMSTUDIO\CXIMAGE\MNG\DEBUG\LIBMNG_CHUNK_PRC.OBJ
C:\USERS\BERTOSO\DESKTOP\CAMSTUDIO-CLONE-MASTER\CAMSTUDIO\CAMSTUDIO\CXIMAGE\MNG\DEBUG\LIBMNG_CHUNK_XS.OBJ
C:\USERS\BERTOSO\DESKTOP\CAMSTUDIO-CLONE-MASTER\CAMSTUDIO\CAMSTUDIO\CXIMAGE\MNG\DEBUG\LIBMNG_CMS.OBJ
C:\USERS\BERTOSO\DESKTOP\CAMSTUDIO-CLONE-MASTER\CAMSTUDIO\CAMSTUDIO\CXIMAGE\MNG\DEBUG\LIBMNG_DISPLAY.OBJ
C:\USERS\BERTOSO\DESKTOP\CAMSTUDIO-CLONE-MASTER\CAMSTUDIO\CAMSTUDIO\CXIMAGE\MNG\DEBUG\LIBMNG_DITHER.OBJ
C:\USERS\BERTOSO\DESKTOP\CAMSTUDIO-CLONE-MASTER\CAMSTUDIO\CAMSTUDIO\CXIMAGE\MNG\DEBUG\LIBMNG_ERROR.OBJ
C:\USERS\BERTOSO\DESKTOP\CAMSTUDIO-CLONE-MASTER\CAMSTUDIO\CAMSTUDIO\CXIMAGE\MNG\DEBUG\LIBMNG_FILTER.OBJ
C:\USERS\BERTOSO\DESKTOP\CAMSTUDIO-CLONE-MASTER\CAMSTUDIO\CAMSTUDIO\CXIMAGE\MNG\DEBUG\LIBMNG_HLAPI.OBJ
C:\USERS\BERTOSO\DESKTOP\CAMSTUDIO-CLONE-MASTER\CAMSTUDIO\CAMSTUDIO\CXIMAGE\MNG\DEBUG\LIBMNG_JPEG.OBJ
C:\USERS\BERTOSO\DESKTOP\CAMSTUDIO-CLONE-MASTER\CAMSTUDIO\CAMSTUDIO\CXIMAGE\MNG\DEBUG\LIBMNG_OBJECT_PRC.OBJ
C:\USERS\BERTOSO\DESKTOP\CAMSTUDIO-CLONE-MASTER\CAMSTUDIO\CAMSTUDIO\CXIMAGE\MNG\DEBUG\LIBMNG_PIXELS.OBJ
C:\USERS\BERTOSO\DESKTOP\CAMSTUDIO-CLONE-MASTER\CAMSTUDIO\CAMSTUDIO\CXIMAGE\MNG\DEBUG\LIBMNG_PROP_XS.OBJ
C:\USERS\BERTOSO\DESKTOP\CAMSTUDIO-CLONE-MASTER\CAMSTUDIO\CAMSTUDIO\CXIMAGE\MNG\DEBUG\LIBMNG_READ.OBJ
C:\USERS\BERTOSO\DESKTOP\CAMSTUDIO-CLONE-MASTER\CAMSTUDIO\CAMSTUDIO\CXIMAGE\MNG\DEBUG\LIBMNG_TRACE.OBJ
C:\USERS\BERTOSO\DESKTOP\CAMSTUDIO-CLONE-MASTER\CAMSTUDIO\CAMSTUDIO\CXIMAGE\MNG\DEBUG\LIBMNG_WRITE.OBJ
C:\USERS\BERTOSO\DESKTOP\CAMSTUDIO-CLONE-MASTER\CAMSTUDIO\CAMSTUDIO\CXIMAGE\MNG\DEBUG\LIBMNG_ZLIB.OBJ
C:\USERS\BERTOSO\DESKTOP\CAMSTUDIO-CLONE-MASTER\CAMSTUDIO\CAMSTUDIO\CXIMAGE\MNG\DEBUG\MNG.LIB
C:\Users\Bertoso\Desktop\camstudio-clone-master\camstudio\CamStudio\CxImage\mng\Debug\mng.write.1.tlog
C:\Users\Bertoso\Desktop\camstudio-clone-master\camstudio\CamStudio\CxImage\mng\Debug\vc100.idb
C:\USERS\BERTOSO\DESKTOP\CAMSTUDIO-CLONE-MASTER\CAMSTUDIO\CAMSTUDIO\CXIMAGE\MNG\DEBUG\VC100.PDB
