C:\Users\Bertoso\Desktop\camstudio-clone-master\camstudio\CamStudio\libconfig\lib\Release\cl.command.1.tlog
C:\Users\Bertoso\Desktop\camstudio-clone-master\camstudio\CamStudio\libconfig\lib\Release\CL.read.1.tlog
C:\Users\Bertoso\Desktop\camstudio-clone-master\camstudio\CamStudio\libconfig\lib\Release\CL.write.1.tlog
C:\USERS\BERTOSO\DESKTOP\CAMSTUDIO-CLONE-MASTER\CAMSTUDIO\CAMSTUDIO\LIBCONFIG\LIB\RELEASE\GRAMMAR.OBJ
C:\USERS\BERTOSO\DESKTOP\CAMSTUDIO-CLONE-MASTER\CAMSTUDIO\CAMSTUDIO\LIBCONFIG\LIB\RELEASE\LIBCONFIG.OBJ
C:\USERS\BERTOSO\DESKTOP\CAMSTUDIO-CLONE-MASTER\CAMSTUDIO\CAMSTUDIO\LIBCONFIG\LIB\RELEASE\LIBCONFIG++.DLL.INTERMEDIATE.MANIFEST
C:\Users\Bertoso\Desktop\camstudio-clone-master\camstudio\CamStudio\libconfig\lib\Release\libconfig++.write.1.tlog
C:\USERS\BERTOSO\DESKTOP\CAMSTUDIO-CLONE-MASTER\CAMSTUDIO\CAMSTUDIO\LIBCONFIG\LIB\RELEASE\LIBCONFIGCPP.OBJ
C:\Users\Bertoso\Desktop\camstudio-clone-master\camstudio\CamStudio\libconfig\lib\Release\link.command.1.tlog
C:\Users\Bertoso\Desktop\camstudio-clone-master\camstudio\CamStudio\libconfig\lib\Release\link.read.1.tlog
C:\Users\Bertoso\Desktop\camstudio-clone-master\camstudio\CamStudio\libconfig\lib\Release\link.write.1.tlog
C:\Users\Bertoso\Desktop\camstudio-clone-master\camstudio\CamStudio\libconfig\lib\Release\mt.command.1.tlog
C:\Users\Bertoso\Desktop\camstudio-clone-master\camstudio\CamStudio\libconfig\lib\Release\mt.read.1.tlog
C:\Users\Bertoso\Desktop\camstudio-clone-master\camstudio\CamStudio\libconfig\lib\Release\mt.write.1.tlog
C:\USERS\BERTOSO\DESKTOP\CAMSTUDIO-CLONE-MASTER\CAMSTUDIO\CAMSTUDIO\LIBCONFIG\LIB\RELEASE\SCANCTX.OBJ
C:\USERS\BERTOSO\DESKTOP\CAMSTUDIO-CLONE-MASTER\CAMSTUDIO\CAMSTUDIO\LIBCONFIG\LIB\RELEASE\SCANNER.OBJ
C:\USERS\BERTOSO\DESKTOP\CAMSTUDIO-CLONE-MASTER\CAMSTUDIO\CAMSTUDIO\LIBCONFIG\LIB\RELEASE\STRBUF.OBJ
C:\USERS\BERTOSO\DESKTOP\CAMSTUDIO-CLONE-MASTER\CAMSTUDIO\CAMSTUDIO\LIBCONFIG\LIB\RELEASE\VC100.PDB
C:\USERS\BERTOSO\DESKTOP\CAMSTUDIO-CLONE-MASTER\CAMSTUDIO\CAMSTUDIO\RELEASE\LIBCONFIG++.DLL
C:\Users\Bertoso\Desktop\camstudio-clone-master\camstudio\CamStudio\Release\libconfig++.exp
C:\Users\Bertoso\Desktop\camstudio-clone-master\camstudio\CamStudio\Release\libconfig++.lib
