Build started 1/16/2013 3:04:52 AM.
     1>Project "C:\Users\Bertoso\Desktop\camstudio-clone-master\camstudio\CamStudio\Player\Player.vcxproj" on node 4 (build target(s)).
     1>InitializeBuildStatus:
         Creating "Release\Player.unsuccessfulbuild" because "AlwaysCreate" was specified.
       ClCompile:
         C:\Program Files (x86)\Microsoft Visual Studio 10.0\VC\bin\CL.exe /c /Zi /nologo /W4 /WX- /O2 /Ob1 /Oy- /D WIN32 /D NDEBUG /D _WINDOWS /D _CRT_SECURE_NO_WARNINGS /D _VC80_UPGRADE=0x0710 /GF /Gm- /EHsc /MT /GS /Gy /fp:precise /Zc:wchar_t- /Zc:forScope- /Fo".\Release/" /Fd".\Release/vc100.pdb" /Gd /TP /analyze- /errorReport:prompt player.cpp
         player.cpp
       ResourceCompile:
         C:\Program Files (x86)\Microsoft SDKs\Windows\v7.0A\bin\rc.exe /D NDEBUG /D _VC80_UPGRADE=0x0710 /l"0x0409" /I"C:\Users\Bertoso\Desktop\camstudio-clone-master\camstudio\CamStudio\GlobalResources" /nologo /fo"Release\player.res" player.rc 
       Link:
         C:\Program Files (x86)\Microsoft Visual Studio 10.0\VC\bin\link.exe /ERRORREPORT:PROMPT /OUT:"C:\Users\Bertoso\Desktop\camstudio-clone-master\camstudio\CamStudio\Release\Player.exe" /INCREMENTAL:NO /NOLOGO winmm.lib vfw32.lib odbc32.lib odbccp32.lib kernel32.lib user32.lib gdi32.lib winspool.lib comdlg32.lib advapi32.lib shell32.lib ole32.lib oleaut32.lib uuid.lib odbc32.lib odbccp32.lib /MANIFEST /ManifestFile:"Release\Player.exe.intermediate.manifest" /MANIFESTUAC:"level='asInvoker' uiAccess='false'" /PDB:".\Release/Player.pdb" /SUBSYSTEM:WINDOWS /TLBID:1 /DYNAMICBASE:NO /IMPLIB:"C:\Users\Bertoso\Desktop\camstudio-clone-master\camstudio\CamStudio\Release\Player.lib" /MACHINE:X86 Release\player.res
         .\Release/player.obj
         Player.vcxproj -> C:\Users\Bertoso\Desktop\camstudio-clone-master\camstudio\CamStudio\Release\Player.exe
       Manifest:
         C:\Program Files (x86)\Microsoft SDKs\Windows\v7.0A\bin\mt.exe /nologo /verbose /outputresource:"C:\Users\Bertoso\Desktop\camstudio-clone-master\camstudio\CamStudio\Release\Player.exe;#1" /manifest Release\Player.exe.intermediate.manifest
       FinalizeBuildStatus:
         Deleting file "Release\Player.unsuccessfulbuild".
         Touching "Release\Player.lastbuildstate".
     1>Done Building Project "C:\Users\Bertoso\Desktop\camstudio-clone-master\camstudio\CamStudio\Player\Player.vcxproj" (build target(s)).

Build succeeded.

Time Elapsed 00:00:03.81
