Build started 1/3/2013 11:09:42 PM.
     1>Project "C:\Users\Bertoso\Desktop\camstudio-clone-master\camstudio\CamStudio\CxImage\zlib\zlib.vcxproj" on node 3 (build target(s)).
     1>InitializeBuildStatus:
         Creating ".\Debug\zlib.unsuccessfulbuild" because "AlwaysCreate" was specified.
       ClCompile:
         C:\Program Files (x86)\Microsoft Visual Studio 10.0\VC\bin\CL.exe /c /ZI /nologo /W3 /WX- /Od /Oy- /D WIN32 /D _DEBUG /D _WINDOWS /D _CRT_SECURE_NO_DEPRECATE /Gm- /EHsc /MDd /GS /fp:precise /Zc:wchar_t /Zc:forScope /Fo".\Debug/" /Fd".\Debug/vc100.pdb" /Gd /TC /analyze- /errorReport:prompt adler32.c compress.c crc32.c deflate.c infback.c inffast.c inflate.c inftrees.c trees.c uncompr.c zutil.c
         adler32.c
         compress.c
         crc32.c
         deflate.c
         infback.c
         inffast.c
         inflate.c
         inftrees.c
         trees.c
         uncompr.c
         zutil.c
         Generating Code...
       Lib:
         C:\Program Files (x86)\Microsoft Visual Studio 10.0\VC\bin\Lib.exe /OUT:".\Debug\zlib.lib" /NOLOGO .\Debug/adler32.obj
         .\Debug/compress.obj
         .\Debug/crc32.obj
         .\Debug/deflate.obj
         .\Debug/infback.obj
         .\Debug/inffast.obj
         .\Debug/inflate.obj
         .\Debug/inftrees.obj
         .\Debug/trees.obj
         .\Debug/uncompr.obj
         .\Debug/zutil.obj
         zlib.vcxproj -> C:\Users\Bertoso\Desktop\camstudio-clone-master\camstudio\CamStudio\CxImage\zlib\.\Debug\zlib.lib
       FinalizeBuildStatus:
         Deleting file ".\Debug\zlib.unsuccessfulbuild".
         Touching ".\Debug\zlib.lastbuildstate".
     1>Done Building Project "C:\Users\Bertoso\Desktop\camstudio-clone-master\camstudio\CamStudio\CxImage\zlib\zlib.vcxproj" (build target(s)).

Build succeeded.

Time Elapsed 00:00:04.10
