C:\Users\Bertoso\Desktop\camstudio-clone-master\camstudio\CamStudio\CxImage\CxImage\cximage.Release\cl.command.1.tlog
C:\Users\Bertoso\Desktop\camstudio-clone-master\camstudio\CamStudio\CxImage\CxImage\cximage.Release\CL.read.1.tlog
C:\Users\Bertoso\Desktop\camstudio-clone-master\camstudio\CamStudio\CxImage\CxImage\cximage.Release\CL.write.1.tlog
C:\Users\Bertoso\Desktop\camstudio-clone-master\camstudio\CamStudio\CxImage\CxImage\cximage.Release\cximage.write.1.tlog
C:\Users\Bertoso\Desktop\camstudio-clone-master\camstudio\CamStudio\CxImage\CxImage\cximage.Release\lib.command.1.tlog
C:\Users\Bertoso\Desktop\camstudio-clone-master\camstudio\CamStudio\CxImage\CxImage\cximage.Release\Lib-link.read.1.tlog
C:\Users\Bertoso\Desktop\camstudio-clone-master\camstudio\CamStudio\CxImage\CxImage\cximage.Release\Lib-link.write.1.tlog
C:\USERS\BERTOSO\DESKTOP\CAMSTUDIO-CLONE-MASTER\CAMSTUDIO\CAMSTUDIO\CXIMAGE\CXIMAGE\RELEASE\TIF_XFILE.OBJ
C:\USERS\BERTOSO\DESKTOP\CAMSTUDIO-CLONE-MASTER\CAMSTUDIO\CAMSTUDIO\CXIMAGE\CXIMAGE\RELEASE\VC100.PDB
C:\USERS\BERTOSO\DESKTOP\CAMSTUDIO-CLONE-MASTER\CAMSTUDIO\CAMSTUDIO\CXIMAGE\CXIMAGE\RELEASE\XIMABMP.OBJ
C:\USERS\BERTOSO\DESKTOP\CAMSTUDIO-CLONE-MASTER\CAMSTUDIO\CAMSTUDIO\CXIMAGE\CXIMAGE\RELEASE\XIMADSP.OBJ
C:\USERS\BERTOSO\DESKTOP\CAMSTUDIO-CLONE-MASTER\CAMSTUDIO\CAMSTUDIO\CXIMAGE\CXIMAGE\RELEASE\XIMAENC.OBJ
C:\USERS\BERTOSO\DESKTOP\CAMSTUDIO-CLONE-MASTER\CAMSTUDIO\CAMSTUDIO\CXIMAGE\CXIMAGE\RELEASE\XIMAEXIF.OBJ
C:\USERS\BERTOSO\DESKTOP\CAMSTUDIO-CLONE-MASTER\CAMSTUDIO\CAMSTUDIO\CXIMAGE\CXIMAGE\RELEASE\XIMAGE.OBJ
C:\USERS\BERTOSO\DESKTOP\CAMSTUDIO-CLONE-MASTER\CAMSTUDIO\CAMSTUDIO\CXIMAGE\CXIMAGE\RELEASE\XIMAGIF.OBJ
C:\USERS\BERTOSO\DESKTOP\CAMSTUDIO-CLONE-MASTER\CAMSTUDIO\CAMSTUDIO\CXIMAGE\CXIMAGE\RELEASE\XIMAHIST.OBJ
C:\USERS\BERTOSO\DESKTOP\CAMSTUDIO-CLONE-MASTER\CAMSTUDIO\CAMSTUDIO\CXIMAGE\CXIMAGE\RELEASE\XIMAICO.OBJ
C:\USERS\BERTOSO\DESKTOP\CAMSTUDIO-CLONE-MASTER\CAMSTUDIO\CAMSTUDIO\CXIMAGE\CXIMAGE\RELEASE\XIMAINFO.OBJ
C:\USERS\BERTOSO\DESKTOP\CAMSTUDIO-CLONE-MASTER\CAMSTUDIO\CAMSTUDIO\CXIMAGE\CXIMAGE\RELEASE\XIMAINT.OBJ
C:\USERS\BERTOSO\DESKTOP\CAMSTUDIO-CLONE-MASTER\CAMSTUDIO\CAMSTUDIO\CXIMAGE\CXIMAGE\RELEASE\XIMAJAS.OBJ
C:\USERS\BERTOSO\DESKTOP\CAMSTUDIO-CLONE-MASTER\CAMSTUDIO\CAMSTUDIO\CXIMAGE\CXIMAGE\RELEASE\XIMAJBG.OBJ
C:\USERS\BERTOSO\DESKTOP\CAMSTUDIO-CLONE-MASTER\CAMSTUDIO\CAMSTUDIO\CXIMAGE\CXIMAGE\RELEASE\XIMAJPG.OBJ
C:\USERS\BERTOSO\DESKTOP\CAMSTUDIO-CLONE-MASTER\CAMSTUDIO\CAMSTUDIO\CXIMAGE\CXIMAGE\RELEASE\XIMALPHA.OBJ
C:\USERS\BERTOSO\DESKTOP\CAMSTUDIO-CLONE-MASTER\CAMSTUDIO\CAMSTUDIO\CXIMAGE\CXIMAGE\RELEASE\XIMALYR.OBJ
C:\USERS\BERTOSO\DESKTOP\CAMSTUDIO-CLONE-MASTER\CAMSTUDIO\CAMSTUDIO\CXIMAGE\CXIMAGE\RELEASE\XIMAMNG.OBJ
C:\USERS\BERTOSO\DESKTOP\CAMSTUDIO-CLONE-MASTER\CAMSTUDIO\CAMSTUDIO\CXIMAGE\CXIMAGE\RELEASE\XIMAPAL.OBJ
C:\USERS\BERTOSO\DESKTOP\CAMSTUDIO-CLONE-MASTER\CAMSTUDIO\CAMSTUDIO\CXIMAGE\CXIMAGE\RELEASE\XIMAPCX.OBJ
C:\USERS\BERTOSO\DESKTOP\CAMSTUDIO-CLONE-MASTER\CAMSTUDIO\CAMSTUDIO\CXIMAGE\CXIMAGE\RELEASE\XIMAPNG.OBJ
C:\USERS\BERTOSO\DESKTOP\CAMSTUDIO-CLONE-MASTER\CAMSTUDIO\CAMSTUDIO\CXIMAGE\CXIMAGE\RELEASE\XIMAPSD.OBJ
C:\USERS\BERTOSO\DESKTOP\CAMSTUDIO-CLONE-MASTER\CAMSTUDIO\CAMSTUDIO\CXIMAGE\CXIMAGE\RELEASE\XIMARAW.OBJ
C:\USERS\BERTOSO\DESKTOP\CAMSTUDIO-CLONE-MASTER\CAMSTUDIO\CAMSTUDIO\CXIMAGE\CXIMAGE\RELEASE\XIMASEL.OBJ
C:\USERS\BERTOSO\DESKTOP\CAMSTUDIO-CLONE-MASTER\CAMSTUDIO\CAMSTUDIO\CXIMAGE\CXIMAGE\RELEASE\XIMASKA.OBJ
C:\USERS\BERTOSO\DESKTOP\CAMSTUDIO-CLONE-MASTER\CAMSTUDIO\CAMSTUDIO\CXIMAGE\CXIMAGE\RELEASE\XIMATGA.OBJ
C:\USERS\BERTOSO\DESKTOP\CAMSTUDIO-CLONE-MASTER\CAMSTUDIO\CAMSTUDIO\CXIMAGE\CXIMAGE\RELEASE\XIMATH.OBJ
C:\USERS\BERTOSO\DESKTOP\CAMSTUDIO-CLONE-MASTER\CAMSTUDIO\CAMSTUDIO\CXIMAGE\CXIMAGE\RELEASE\XIMATIF.OBJ
C:\USERS\BERTOSO\DESKTOP\CAMSTUDIO-CLONE-MASTER\CAMSTUDIO\CAMSTUDIO\CXIMAGE\CXIMAGE\RELEASE\XIMATRAN.OBJ
C:\USERS\BERTOSO\DESKTOP\CAMSTUDIO-CLONE-MASTER\CAMSTUDIO\CAMSTUDIO\CXIMAGE\CXIMAGE\RELEASE\XIMAWBMP.OBJ
C:\USERS\BERTOSO\DESKTOP\CAMSTUDIO-CLONE-MASTER\CAMSTUDIO\CAMSTUDIO\CXIMAGE\CXIMAGE\RELEASE\XIMAWMF.OBJ
C:\USERS\BERTOSO\DESKTOP\CAMSTUDIO-CLONE-MASTER\CAMSTUDIO\CAMSTUDIO\CXIMAGE\CXIMAGE\RELEASE\XIMAWND.OBJ
C:\USERS\BERTOSO\DESKTOP\CAMSTUDIO-CLONE-MASTER\CAMSTUDIO\CAMSTUDIO\CXIMAGE\CXIMAGE\RELEASE\XMEMFILE.OBJ
C:\USERS\BERTOSO\DESKTOP\CAMSTUDIO-CLONE-MASTER\CAMSTUDIO\CAMSTUDIO\RELEASE\CXIMAGE.LIB
