C:\USERS\BERTOSO\DESKTOP\CAMSTUDIO-CLONE-MASTER\CAMSTUDIO\CAMSTUDIO\CODEC\RELEASE\CAMCODEC.DLL.INTERMEDIATE.MANIFEST
C:\Users\Bertoso\Desktop\camstudio-clone-master\camstudio\CamStudio\Codec\Release\camcodec.exp
C:\Users\Bertoso\Desktop\camstudio-clone-master\camstudio\CamStudio\Codec\Release\camcodec.lib
C:\USERS\BERTOSO\DESKTOP\CAMSTUDIO-CLONE-MASTER\CAMSTUDIO\CAMSTUDIO\CODEC\RELEASE\CAMCODEC.OBJ
C:\USERS\BERTOSO\DESKTOP\CAMSTUDIO-CLONE-MASTER\CAMSTUDIO\CAMSTUDIO\CODEC\RELEASE\CAMCODEC.RES
C:\Users\Bertoso\Desktop\camstudio-clone-master\camstudio\CamStudio\Codec\Release\camcodec.write.1.tlog
C:\Users\Bertoso\Desktop\camstudio-clone-master\camstudio\CamStudio\Codec\Release\cl.command.1.tlog
C:\Users\Bertoso\Desktop\camstudio-clone-master\camstudio\CamStudio\Codec\Release\CL.read.1.tlog
C:\Users\Bertoso\Desktop\camstudio-clone-master\camstudio\CamStudio\Codec\Release\CL.write.1.tlog
C:\USERS\BERTOSO\DESKTOP\CAMSTUDIO-CLONE-MASTER\CAMSTUDIO\CAMSTUDIO\CODEC\RELEASE\DRVPROC.OBJ
C:\Users\Bertoso\Desktop\camstudio-clone-master\camstudio\CamStudio\Codec\Release\link.command.1.tlog
C:\Users\Bertoso\Desktop\camstudio-clone-master\camstudio\CamStudio\Codec\Release\link.read.1.tlog
C:\Users\Bertoso\Desktop\camstudio-clone-master\camstudio\CamStudio\Codec\Release\link.write.1.tlog
C:\Users\Bertoso\Desktop\camstudio-clone-master\camstudio\CamStudio\Codec\Release\link-cvtres.read.1.tlog
C:\Users\Bertoso\Desktop\camstudio-clone-master\camstudio\CamStudio\Codec\Release\link-cvtres.write.1.tlog
C:\USERS\BERTOSO\DESKTOP\CAMSTUDIO-CLONE-MASTER\CAMSTUDIO\CAMSTUDIO\CODEC\RELEASE\MINILZO.OBJ
C:\Users\Bertoso\Desktop\camstudio-clone-master\camstudio\CamStudio\Codec\Release\mt.command.1.tlog
C:\Users\Bertoso\Desktop\camstudio-clone-master\camstudio\CamStudio\Codec\Release\mt.read.1.tlog
C:\Users\Bertoso\Desktop\camstudio-clone-master\camstudio\CamStudio\Codec\Release\mt.write.1.tlog
C:\Users\Bertoso\Desktop\camstudio-clone-master\camstudio\CamStudio\Codec\Release\rc.command.1.tlog
C:\Users\Bertoso\Desktop\camstudio-clone-master\camstudio\CamStudio\Codec\Release\rc.read.1.tlog
C:\Users\Bertoso\Desktop\camstudio-clone-master\camstudio\CamStudio\Codec\Release\rc.write.1.tlog
C:\USERS\BERTOSO\DESKTOP\CAMSTUDIO-CLONE-MASTER\CAMSTUDIO\CAMSTUDIO\CODEC\RELEASE\TESTMINI.OBJ
C:\USERS\BERTOSO\DESKTOP\CAMSTUDIO-CLONE-MASTER\CAMSTUDIO\CAMSTUDIO\CODEC\RELEASE\VC100.PDB
C:\USERS\BERTOSO\DESKTOP\CAMSTUDIO-CLONE-MASTER\CAMSTUDIO\CAMSTUDIO\RELEASE\CAMCODEC.DLL
