C:\USERS\BERTOSO\DESKTOP\CAMSTUDIO-CLONE-MASTER\CAMSTUDIO\CAMSTUDIO\DEBUG\LIBCONFIG++.DLL
C:\Users\Bertoso\Desktop\camstudio-clone-master\camstudio\CamStudio\Debug\libconfig++.exp
C:\USERS\BERTOSO\DESKTOP\CAMSTUDIO-CLONE-MASTER\CAMSTUDIO\CAMSTUDIO\DEBUG\LIBCONFIG++.ILK
C:\Users\Bertoso\Desktop\camstudio-clone-master\camstudio\CamStudio\Debug\libconfig++.lib
C:\USERS\BERTOSO\DESKTOP\CAMSTUDIO-CLONE-MASTER\CAMSTUDIO\CAMSTUDIO\DEBUG\LIBCONFIG++.PDB
C:\Users\Bertoso\Desktop\camstudio-clone-master\camstudio\CamStudio\libconfig\lib\Debug\cl.command.1.tlog
C:\Users\Bertoso\Desktop\camstudio-clone-master\camstudio\CamStudio\libconfig\lib\Debug\CL.read.1.tlog
C:\Users\Bertoso\Desktop\camstudio-clone-master\camstudio\CamStudio\libconfig\lib\Debug\CL.write.1.tlog
C:\USERS\BERTOSO\DESKTOP\CAMSTUDIO-CLONE-MASTER\CAMSTUDIO\CAMSTUDIO\LIBCONFIG\LIB\DEBUG\GRAMMAR.OBJ
C:\USERS\BERTOSO\DESKTOP\CAMSTUDIO-CLONE-MASTER\CAMSTUDIO\CAMSTUDIO\LIBCONFIG\LIB\DEBUG\LIBCONFIG.OBJ
C:\USERS\BERTOSO\DESKTOP\CAMSTUDIO-CLONE-MASTER\CAMSTUDIO\CAMSTUDIO\LIBCONFIG\LIB\DEBUG\LIBCONFIG++.DLL.EMBED.MANIFEST
C:\USERS\BERTOSO\DESKTOP\CAMSTUDIO-CLONE-MASTER\CAMSTUDIO\CAMSTUDIO\LIBCONFIG\LIB\DEBUG\LIBCONFIG++.DLL.EMBED.MANIFEST.RES
C:\USERS\BERTOSO\DESKTOP\CAMSTUDIO-CLONE-MASTER\CAMSTUDIO\CAMSTUDIO\LIBCONFIG\LIB\DEBUG\LIBCONFIG++.DLL.INTERMEDIATE.MANIFEST
C:\Users\Bertoso\Desktop\camstudio-clone-master\camstudio\CamStudio\libconfig\lib\Debug\libconfig++.write.1.tlog
C:\Users\Bertoso\Desktop\camstudio-clone-master\camstudio\CamStudio\libconfig\lib\Debug\libconfig++_manifest.rc
C:\USERS\BERTOSO\DESKTOP\CAMSTUDIO-CLONE-MASTER\CAMSTUDIO\CAMSTUDIO\LIBCONFIG\LIB\DEBUG\LIBCONFIGCPP.OBJ
C:\Users\Bertoso\Desktop\camstudio-clone-master\camstudio\CamStudio\libconfig\lib\Debug\link.6228.read.1.tlog
C:\Users\Bertoso\Desktop\camstudio-clone-master\camstudio\CamStudio\libconfig\lib\Debug\link.6228.write.1.tlog
C:\Users\Bertoso\Desktop\camstudio-clone-master\camstudio\CamStudio\libconfig\lib\Debug\link.6228-cvtres.read.1.tlog
C:\Users\Bertoso\Desktop\camstudio-clone-master\camstudio\CamStudio\libconfig\lib\Debug\link.6228-cvtres.write.1.tlog
C:\Users\Bertoso\Desktop\camstudio-clone-master\camstudio\CamStudio\libconfig\lib\Debug\link.command.1.tlog
C:\Users\Bertoso\Desktop\camstudio-clone-master\camstudio\CamStudio\libconfig\lib\Debug\link.read.1.tlog
C:\Users\Bertoso\Desktop\camstudio-clone-master\camstudio\CamStudio\libconfig\lib\Debug\link.write.1.tlog
C:\Users\Bertoso\Desktop\camstudio-clone-master\camstudio\CamStudio\libconfig\lib\Debug\link-cvtres.read.1.tlog
C:\Users\Bertoso\Desktop\camstudio-clone-master\camstudio\CamStudio\libconfig\lib\Debug\link-cvtres.write.1.tlog
C:\Users\Bertoso\Desktop\camstudio-clone-master\camstudio\CamStudio\libconfig\lib\Debug\mt.command.1.tlog
C:\Users\Bertoso\Desktop\camstudio-clone-master\camstudio\CamStudio\libconfig\lib\Debug\mt.read.1.tlog
C:\Users\Bertoso\Desktop\camstudio-clone-master\camstudio\CamStudio\libconfig\lib\Debug\mt.write.1.tlog
C:\Users\Bertoso\Desktop\camstudio-clone-master\camstudio\CamStudio\libconfig\lib\Debug\rc.command.1.tlog
C:\Users\Bertoso\Desktop\camstudio-clone-master\camstudio\CamStudio\libconfig\lib\Debug\rc.read.1.tlog
C:\Users\Bertoso\Desktop\camstudio-clone-master\camstudio\CamStudio\libconfig\lib\Debug\rc.write.1.tlog
C:\USERS\BERTOSO\DESKTOP\CAMSTUDIO-CLONE-MASTER\CAMSTUDIO\CAMSTUDIO\LIBCONFIG\LIB\DEBUG\SCANCTX.OBJ
C:\USERS\BERTOSO\DESKTOP\CAMSTUDIO-CLONE-MASTER\CAMSTUDIO\CAMSTUDIO\LIBCONFIG\LIB\DEBUG\SCANNER.OBJ
C:\USERS\BERTOSO\DESKTOP\CAMSTUDIO-CLONE-MASTER\CAMSTUDIO\CAMSTUDIO\LIBCONFIG\LIB\DEBUG\STRBUF.OBJ
C:\USERS\BERTOSO\DESKTOP\CAMSTUDIO-CLONE-MASTER\CAMSTUDIO\CAMSTUDIO\LIBCONFIG\LIB\DEBUG\VC100.PDB
